848
347
848
845
2
2
838
840
837
347 468 828
836
839
836
3
839
832
835
3
835
3
831
831
834
347 468 828
347 468 828
833
831
5
825
183 291 347 468 828
825
5
830
824
7
822
7
183 291 347 468 695 821 828
821
7
183 291 347 468 695 821 828
828
828
817
11
11
11
183 260 291 347 468 556 562 620 695 821 828
814
825
814
814
814
825
12
812
183 260 291 347 468 556 561 562 620 644 695 821 828
811
809
14
822
808
183 260 291 347 468 551 556 561 562 620 644 695 821 828
822
807
807
807
806
183 196 260 291 347 468 551 556 561 562 620 644 695 821 828 837
16
803
803
803
7 152 183 196 260 291 347 468 551 556 561 562 620 644 695 821 828 837
803
18
803
803
821
803
802
821
802
802
802
19
20
7 152 183 196 260 291 347 372 468 551 556 561 562 620 644 656 695 821 828 837
819
7 152 183 196 260 291 347 372 468 551 556 561 562 620 644 656 695 821 828 837
20
799
20
20
7 152 183 196 260 291 347 372 468 551 553 556 561 562 576 620 644 656 695 821 828 837
797
818
7 152 183 196 260 291 347 372 468 551 553 556 561 562 576 620 644 656 695 821 828 837
797
7 152 183 196 260 291 347 372 468 551 553 556 561 562 576 620 644 656 695 821 828 837
7 152 183 196 260 291 347 372 468 551 553 556 561 562 576 620 644 656 695 821 828 837
797
7 17 152 183 196 260 291 347 372 468 551 553 556 561 562 576 620 644 656 695 821 828 837
793
793
793
793
817
7 17 72 152 183 196 260 291 347 372 468 551 553 556 561 562 576 620 644 656 695 821 828 836 837
817
790
816
28
787
28
7 17 72 152 161 183 196 260 287 291 347 372 411 468 551 553 556 561 562 576 620 644 656 695 724 776 821 828 836 837 848
30
815
785
785
785
785
7 17 72 143 152 161 183 196 260 287 291 347 372 411 468 551 553 556 561 562 576 620 644 656 695 724 726 776 821 828 836 837 848
783
783
814
813
32
32
781
781
813
813
813
32
32
32
7 17 72 143 152 161 183 196 260 287 291 347 372 411 432 468 551 553 556 561 562 576 620 644 649 656 680 695 724 726 776 821 828 836 837 848
779
811
777
777
810
810
810
34
775
809
34
775
775
7 17 72 143 152 161 183 196 236 260 287 291 347 372 411 432 468 551 553 556 561 562 576 620 644 649 656 680 695 724 726 739 776 821 828 836 837 848
774
35
35
772
7 17 72 143 152 161 183 196 236 260 287 291 347 372 411 432 468 551 553 556 561 562 566 576 620 624 644 649 656 680 695 724 726 739 776 821 828 836 837 848
808
808
808
808
808
808
772
37
808
37
771
808
38
808
7 17 72 89 143 152 161 183 196 236 260 287 291 347 372 411 432 468 551 553 556 561 562 566 576 613 614 620 624 644 649 656 680 695 724 726 739 776 821 828 836 837 848
808
808
38
38
807
7 17 72 89 143 152 161 183 196 236 260 287 291 347 372 411 432 468 549 551 553 556 561 562 566 576 613 614 620 624 644 649 656 680 695 724 726 739 776 821 828 836 837 848
769
40
7 17 72 89 143 152 161 183 196 236 260 287 291 347 372 393 411 415 432 468 549 551 553 556 561 562 566 576 613 614 620 624 644 649 656 669 680 695 724 726 739 776 821 828 836 837 848
767
807
767
7 17 72 89 143 152 161 183 196 236 260 287 291 347 372 393 411 415 432 468 549 551 553 556 561 562 566 576 600 613 614 620 624 644 649 656 669 680 695 724 726 739 776 821 828 836 837 848
42
806
7 17 72 89 143 152 161 183 196 236 260 287 291 300 347 372 393 411 415 432 468 549 551 553 556 561 562 566 576 600 613 614 620 624 644 649 653 656 669 680 695 724 726 739 776 821 828 836 837 848
761
803
43
7 17 72 89 143 152 161 183 196 236 257 260 287 291 300 347 372 393 411 415 432 468 549 551 553 556 561 562 566 576 600 613 614 620 624 644 649 653 656 669 680 695 724 726 739 776 821 828 836 837 848
43
802
7 17 72 89 143 152 161 183 196 236 257 260 287 291 300 347 368 372 393 411 415 432 468 549 551 553 556 561 562 566 576 600 613 614 620 624 644 649 653 656 669 680 695 724 726 739 773 776 821 828 836 837 848
45
45
7 17 72 89 143 152 161 183 196 236 257 260 287 291 300 347 368 372 393 411 415 432 468 549 551 553 556 561 562 566 576 600 613 614 620 624 644 649 653 656 669 680 695 724 726 739 773 776 821 828 836 837 848
7 17 72 89 143 152 161 183 196 236 257 260 287 291 300 347 368 372 393 411 415 432 468 549 551 553 556 561 562 566 576 600 613 614 620 624 644 649 653 656 669 680 695 724 726 739 773 776 821 828 836 837 848
802
7 17 72 89 143 152 161 183 196 236 257 260 287 291 300 347 368 372 393 411 415 432 468 549 551 553 556 561 562 566 576 600 605 613 614 620 624 644 649 653 656 669 680 695 724 726 739 773 776 821 828 836 837 848
801
754
754
46
7 17 72 89 143 152 161 183 196 236 257 260 287 291 300 347 368 372 393 411 415 432 468 549 551 553 556 561 562 566 576 600 605 613 614 620 624 644 649 653 656 669 680 695 724 726 739 773 776 821 828 836 837 848
799
7 17 72 89 143 152 161 183 196 236 257 260 287 291 300 347 368 372 393 411 415 432 468 549 551 553 556 561 562 566 576 600 605 613 614 620 624 644 649 653 656 669 680 695 724 726 739 773 776 821 828 836 837 848
7 17 72 89 143 152 161 183 196 236 257 260 287 291 300 347 368 372 393 411 415 432 468 549 551 553 556 561 562 566 576 600 605 613 614 620 624 644 649 653 656 669 680 695 724 726 739 773 776 821 828 836 837 848
798
798
752
46
794
746
7 17 72 89 143 152 161 183 196 236 257 260 287 291 300 347 368 372 393 411 415 432 463 468 481 549 551 553 556 561 562 566 576 600 605 613 614 620 624 644 649 653 656 669 680 695 724 726 732 739 773 776 777 821 828 836 837 848
746
49
49
49
793
744
793
7 17 72 89 143 152 161 183 196 236 257 260 287 291 300 343 347 368 372 393 411 415 432 463 468 481 549 551 553 556 561 562 566 576 600 605 613 614 620 624 644 649 653 656 669 680 695 724 726 732 739 773 776 777 821 828 836 837 848
49
744
793
743
743
791
790
740
7 17 72 89 143 152 161 183 196 236 257 260 287 291 300 343 347 368 372 393 411 415 432 463 468 481 549 551 553 556 561 562 566 576 600 605 613 614 620 624 644 649 653 656 669 680 695 724 726 732 739 773 776 777 821 828 836 837 848
7 17 72 89 143 152 161 183 196 236 257 260 287 291 300 343 347 368 372 393 411 415 432 463 468 481 549 551 553 556 561 562 566 576 600 605 613 614 620 624 644 649 653 656 657 669 680 695 724 726 732 739 773 776 777 821 828 836 837 848
7 17 72 89 143 152 161 183 196 236 257 260 287 291 300 343 347 368 372 393 411 415 432 463 468 481 549 551 553 556 561 562 566 576 600 605 613 614 620 624 644 649 653 656 657 669 680 695 724 726 732 739 773 776 777 821 828 836 837 848
7 17 72 89 143 152 161 183 196 236 257 260 287 291 300 343 347 368 372 393 411 415 432 463 468 481 549 551 553 556 561 562 566 576 600 605 613 614 620 624 644 649 653 656 657 669 680 695 724 726 732 739 773 776 777 821 828 836 837 848
51
787
53
53
53
784
783
730
7 17 72 89 143 152 161 183 196 226 236 257 260 287 291 300 343 347 368 372 393 411 415 432 463 468 481 515 549 551 553 556 561 562 566 576 600 605 613 614 620 624 644 649 653 656 657 669 680 695 724 726 732 739 773 776 777 809 821 828 836 837 848
783
783
7 17 72 89 143 152 161 183 196 226 236 257 260 287 291 300 343 347 368 372 393 411 415 432 463 468 481 515 549 551 553 556 561 562 566 576 600 605 613 614 620 624 644 649 653 656 657 669 680 695 724 726 732 739 773 776 777 809 821 828 836 837 842 848
783
729
729
783
7 17 72 89 143 152 161 183 196 226 236 257 260 287 291 300 343 347 368 372 393 411 415 432 463 468 481 515 549 551 553 556 561 562 566 576 600 605 613 614 620 624 644 649 653 656 657 669 680 695 724 726 732 739 773 776 777 809 821 828 836 837 842 848
727
780
780
54
780
779
779
779
779
55
724
724
55
55
724
55
55
724
724
778
724
54
778
723
778
778
7 17 72 89 143 152 161 183 196 226 236 257 260 287 291 300 343 347 368 372 393 411 415 432 463 468 481 515 549 551 553 556 561 562 566 576 600 605 613 614 620 624 644 649 653 656 657 664 669 680 695 724 726 732 739 773 776 777 791 795 809 821 828 836 837 842 848
55
55
723
7 17 72 89 143 152 161 183 196 226 236 257 260 287 291 300 343 347 368 372 393 411 415 432 463 468 481 515 549 551 553 556 561 562 566 576 600 605 613 614 620 624 644 649 653 656 657 664 669 680 695 724 726 732 739 773 776 777 791 795 809 821 828 836 837 842 848
721
55
7 17 72 89 143 152 161 183 196 226 236 257 260 287 291 300 343 347 368 372 393 411 415 432 463 468 481 515 549 551 553 556 561 562 566 576 600 605 613 614 620 624 644 649 653 656 657 664 669 680 695 705 724 726 732 739 773 776 777 791 795 809 821 828 836 837 842 848
774
55
718
773
772
772
717
7 17 72 89 143 152 161 183 196 226 236 257 260 287 291 300 343 347 368 372 393 411 415 432 463 468 481 515 549 551 553 556 561 562 566 576 600 605 613 614 620 624 644 649 653 656 657 664 669 680 695 705 724 726 732 739 773 776 777 791 795 809 821 828 836 837 842 848
7 17 72 89 96 143 152 161 183 196 226 236 257 260 287 291 300 343 347 368 372 393 411 415 432 463 468 481 515 549 551 553 556 561 562 566 576 600 605 613 614 620 624 644 649 653 656 657 664 669 680 695 705 724 726 732 739 773 776 777 791 795 809 821 828 836 837 842 848
56
56
771
713
7 17 72 89 96 143 152 161 183 196 199 226 236 257 260 287 291 300 343 347 368 372 393 411 415 432 463 468 481 515 549 551 553 556 561 562 566 576 600 605 613 614 620 624 644 649 653 656 657 664 669 680 695 705 724 726 732 739 746 773 776 777 791 795 809 821 828 836 837 842 848
713
771
60
60
7 17 72 89 96 143 152 161 180 183 196 199 203 226 236 257 260 264 283 287 291 294 300 343 347 368 370 372 393 411 415 432 463 468 481 509 515 549 551 553 556 561 562 566 576 600 605 613 614 620 624 644 649 653 656 657 664 669 680 695 705 724 726 732 739 746 773 776 777 791 795 809 821 828 836 837 842 848
771
710
771
61
64
707
7 17 54 72 89 96 143 152 161 180 183 196 199 203 226 236 257 260 264 283 287 291 294 300 343 347 363 368 370 372 393 411 415 418 432 463 468 481 509 515 516 549 551 553 556 561 562 566 576 600 605 613 614 620 624 644 649 653 656 657 664 669 680 695 705 724 726 732 739 746 773 776 777 791 795 809 821 828 834 836 837 842 848
703
67
67
703
770
7 17 54 72 89 96 143 152 161 178 180 183 196 199 203 226 230 236 257 260 264 283 287 291 294 300 343 347 363 368 370 372 393 411 415 418 432 463 468 481 509 515 516 549 551 553 556 561 562 566 576 600 605 613 614 620 624 644 649 653 656 657 664 669 680 695 705 724 726 732 739 746 773 776 777 791 795 809 821 828 834 836 837 842 848
67
770
770
7 17 54 72 89 96 143 152 161 178 180 183 196 199 203 226 230 236 257 260 264 283 287 291 294 300 343 347 363 368 370 372 393 411 415 418 432 463 468 481 509 515 516 549 551 553 556 561 562 566 576 600 605 613 614 620 624 644 649 653 656 657 664 669 680 695 705 724 726 732 739 746 773 776 777 791 795 809 821 828 834 836 837 842 848
703
67
7 17 54 72 89 96 143 152 161 178 180 183 196 199 203 226 230 236 257 260 264 283 287 291 294 300 343 347 363 368 370 372 393 411 415 418 432 463 468 481 509 515 516 549 551 553 556 561 562 566 576 600 605 613 614 620 624 644 649 653 656 657 664 669 680 695 705 724 726 732 739 746 773 776 777 791 795 809 821 828 834 836 837 842 848
7 17 54 72 89 96 143 152 161 178 180 183 196 199 203 226 230 236 257 260 264 283 287 291 294 300 343 347 363 368 370 372 393 411 415 418 432 463 468 481 509 515 516 549 551 553 556 561 562 566 576 600 605 613 614 620 624 644 649 653 656 657 664 669 680 695 705 711 724 726 732 739 746 773 776 777 791 795 809 821 828 834 836 837 842 848
7 17 54 72 89 96 143 152 161 178 180 183 196 199 203 226 230 236 257 260 264 283 287 291 294 300 343 347 363 368 370 372 393 411 415 418 432 463 468 481 509 515 516 549 551 553 556 561 562 566 576 600 605 613 614 620 624 644 649 653 656 657 664 669 680 695 705 711 724 726 732 739 746 773 776 777 791 795 809 821 828 834 836 837 842 848
769
69
769
700
69
7 17 54 72 89 96 143 152 161 178 180 183 196 199 203 226 230 236 257 260 264 283 287 291 294 300 343 347 363 368 370 372 393 411 415 418 432 463 468 481 487 509 515 516 549 551 553 556 561 562 566 576 600 604 605 613 614 620 624 644 649 653 656 657 664 669 677 680 695 705 711 724 726 732 739 746 773 776 777 791 795 809 821 828 834 836 837 842 848
769
69
69
69
7 17 54 72 89 96 143 152 161 178 180 183 196 199 203 226 230 233 236 257 260 264 283 287 291 294 300 343 347 363 368 370 372 393 411 415 418 432 463 468 481 487 509 515 516 549 551 553 556 561 562 566 576 600 604 605 613 614 620 624 644 649 653 656 657 664 669 677 680 695 705 711 724 726 732 739 746 773 776 777 791 795 809 821 828 834 836 837 842 848
768
69
7 17 54 72 89 96 143 152 161 178 180 183 196 199 203 226 230 233 236 257 260 264 283 287 291 294 300 343 347 363 368 370 372 393 411 415 418 432 463 468 481 487 509 515 516 549 551 553 556 561 562 566 576 600 604 605 613 614 620 624 644 649 653 656 657 664 669 677 680 695 705 711 724 726 732 739 746 773 776 777 791 795 809 821 828 834 836 837 842 848
7 17 54 72 89 96 143 152 161 178 180 183 196 199 203 226 230 233 236 257 260 264 283 287 291 294 300 343 347 363 368 370 372 393 411 415 418 432 463 468 481 487 509 515 516 549 551 553 556 561 562 566 576 600 604 605 613 614 620 624 644 649 653 656 657 664 669 677 680 695 705 711 724 726 732 739 746 773 776 777 791 795 809 821 828 834 836 837 842 848
699
697
766
7 17 54 72 89 96 143 152 161 178 180 183 196 199 203 226 230 233 236 257 260 264 283 287 291 294 300 343 347 363 368 370 372 393 411 415 418 432 463 468 481 487 509 515 516 549 551 553 556 561 562 566 576 600 604 605 613 614 620 624 644 649 653 656 657 664 669 677 680 695 705 711 724 726 732 739 746 773 776 777 791 795 809 821 828 834 836 837 842 848
697
7 17 54 72 89 96 143 152 161 178 180 183 196 199 203 226 230 233 236 257 260 264 283 287 291 294 300 343 347 363 368 370 372 393 411 415 418 432 463 468 481 487 509 515 516 549 551 553 556 561 562 566 576 600 604 605 613 614 620 624 644 649 653 656 657 664 669 677 680 695 705 711 715 724 726 732 739 746 773 776 777 791 795 809 821 828 834 836 837 842 848
70
696
695
766
766
766
692
765
764
689
763
77
77
77
78
685
684
683
683
683
683
7 17 34 54 72 89 96 143 152 156 161 174 178 180 183 196 199 203 226 230 233 236 257 258 260 264 283 287 291 294 300 343 347 363 368 370 372 384 393 411 415 418 432 457 463 468 481 487 509 514 515 516 549 551 553 556 561 562 566 576 582 588 600 604 605 613 614 620 624 644 649 653 656 657 664 669 677 680 695 705 711 715 724 726 732 739 746 770 773 776 777 790 791 795 809 821 828 834 836 837 842 848
78
78
7 17 34 54 72 89 96 143 152 156 161 174 178 180 183 196 199 203 226 230 233 236 257 258 260 264 283 287 289 291 294 300 343 347 363 368 370 372 384 393 411 415 418 432 457 463 468 481 487 509 514 515 516 549 551 553 556 561 562 566 576 582 588 600 604 605 613 614 620 624 644 649 653 656 657 664 669 677 680 695 705 711 715 724 726 732 739 746 770 773 776 777 790 791 795 809 821 828 834 836 837 842 848
682
760
682
7 17 34 54 72 89 96 143 152 156 161 174 178 180 183 196 199 203 226 230 233 236 255 257 258 260 264 283 287 289 291 294 300 343 347 363 368 370 372 384 393 411 415 418 426 432 457 463 468 469 481 487 509 514 515 516 549 551 553 556 561 562 566 576 582 588 600 604 605 613 614 620 624 644 649 653 656 657 664 669 677 680 695 705 711 715 724 726 732 739 746 770 773 776 777 790 791 795 809 821 828 834 836 837 842 848
681
681
7 17 34 54 72 89 96 143 152 156 161 174 178 180 183 196 199 203 226 230 233 236 255 257 258 260 264 283 287 289 291 294 300 343 347 363 368 370 372 384 393 411 415 418 426 432 457 463 468 469 481 487 509 514 515 516 549 551 553 556 561 562 566 576 582 588 600 604 605 613 614 620 624 644 649 653 656 657 664 669 677 680 695 705 711 715 724 726 732 739 746 770 773 776 777 790 791 795 809 821 828 834 836 837 842 848
7 17 34 54 72 89 96 143 152 156 161 174 178 180 183 196 199 203 226 230 233 236 255 257 258 260 264 283 287 289 291 294 300 343 347 363 368 370 372 384 393 411 415 418 426 432 457 463 468 469 481 487 509 514 515 516 549 551 553 556 561 562 566 576 582 588 600 604 605 613 614 620 624 644 649 653 656 657 664 669 677 680 695 705 711 715 724 726 732 739 746 770 773 776 777 790 791 795 809 821 828 834 836 837 842 848
7 17 34 54 72 89 96 143 152 156 161 174 178 180 183 196 199 203 226 230 233 236 255 257 258 260 264 283 287 289 291 294 300 343 347 363 368 370 372 384 393 411 415 418 426 432 457 463 468 469 481 487 509 514 515 516 549 551 553 556 561 562 566 576 582 588 600 604 605 613 614 620 624 644 649 653 656 657 664 668 669 677 680 695 705 711 715 724 726 732 739 746 770 773 776 777 790 791 795 809 821 828 834 836 837 842 848
80
679
677
7 17 34 54 72 89 96 143 152 156 161 174 178 180 183 196 199 203 226 230 233 236 255 257 258 260 264 283 287 289 291 294 300 343 347 363 364 368 370 372 384 393 411 415 418 426 432 457 463 468 469 481 487 509 514 515 516 519 549 551 553 556 561 562 566 576 582 588 600 604 605 613 614 620 624 644 649 653 656 657 664 668 669 677 680 695 705 711 715 724 726 732 739 746 770 773 776 777 790 791 795 809 821 828 834 836 837 842 848
7 17 34 54 72 89 96 143 152 156 161 174 178 180 183 196 199 203 226 230 233 236 255 257 258 260 264 283 287 289 291 294 300 343 347 363 364 368 370 372 384 393 411 415 418 426 432 457 463 468 469 481 487 509 514 515 516 519 549 551 553 556 561 562 566 576 582 588 600 604 605 613 614 620 624 644 649 653 656 657 664 668 669 677 680 695 705 711 715 724 726 732 739 746 770 773 776 777 790 791 795 809 821 828 834 836 837 842 848
7 17 34 54 72 89 96 143 152 156 161 174 178 180 183 196 199 203 226 230 233 236 255 257 258 260 264 283 287 289 291 294 300 343 347 363 364 368 370 372 384 393 411 415 418 426 432 457 463 468 469 481 487 509 514 515 516 519 549 551 553 556 561 562 566 576 582 588 600 604 605 613 614 620 624 644 649 653 656 657 664 668 669 677 680 695 705 711 715 724 726 732 739 746 770 773 776 777 790 791 795 809 821 828 834 836 837 842 848
82
757
83
84
673
673
7 17 34 54 72 89 96 143 152 156 161 174 178 180 183 196 199 203 226 230 233 236 255 257 258 260 264 283 287 289 291 294 300 343 347 363 364 368 370 372 384 393 411 415 418 426 432 457 463 468 469 481 487 509 514 515 516 519 549 551 553 556 561 562 566 576 582 588 600 601 604 605 613 614 620 624 644 649 653 656 657 664 668 669 677 680 695 705 711 715 724 726 732 739 746 770 773 776 777 790 791 795 809 821 828 834 836 837 842 844 848
7 17 34 54 72 89 96 143 152 156 161 174 178 180 183 196 199 203 226 230 233 236 255 257 258 260 264 283 287 289 291 294 300 343 347 363 364 368 370 372 384 393 411 415 418 426 432 457 463 468 469 481 487 509 514 515 516 519 549 551 553 556 561 562 566 576 582 588 600 601 604 605 613 614 620 624 644 649 653 656 657 664 668 669 677 680 695 705 711 715 724 726 732 739 746 770 773 776 777 790 791 795 809 821 828 834 836 837 842 844 848
85
7 17 34 54 72 89 96 143 152 156 161 174 178 180 183 196 199 203 226 230 233 236 255 257 258 260 264 283 287 289 291 294 300 343 347 363 364 368 370 372 384 393 411 415 418 426 432 457 463 468 469 481 487 509 514 515 516 519 549 551 553 556 561 562 566 576 582 588 600 601 604 605 613 614 620 624 644 649 653 656 657 664 668 669 677 680 695 705 711 715 724 726 732 739 746 770 773 776 777 790 791 795 801 809 821 828 834 836 837 842 844 848
757
757
755
754
754
7 17 34 54 72 89 96 143 152 156 161 174 178 180 183 196 199 203 226 230 233 236 255 257 258 260 264 283 287 289 291 294 300 343 347 363 364 368 370 372 384 390 393 411 415 418 426 432 457 463 468 469 481 487 509 514 515 516 519 549 551 553 556 561 562 566 576 582 588 600 601 604 605 613 614 620 624 644 649 653 656 657 664 668 669 677 680 695 705 711 715 724 726 732 739 746 770 773 776 777 790 791 795 801 809 821 828 834 836 837 842 844 848
754
754
86
754
754
7 17 27 34 54 72 89 96 143 152 156 161 174 178 180 183 196 199 203 226 230 233 236 255 257 258 260 264 283 287 289 291 294 300 343 347 363 364 368 370 372 384 390 393 411 415 418 426 432 457 463 468 469 481 487 509 514 515 516 519 549 551 553 556 561 562 566 576 582 588 600 601 604 605 613 614 620 624 644 649 653 656 657 664 668 669 677 680 695 705 711 715 724 726 732 739 746 770 773 776 777 790 791 795 801 809 821 828 834 836 837 842 844 848
754
667
87
87
666
87
752
87
7 17 27 34 54 72 89 96 143 152 156 161 174 178 180 183 196 199 203 226 230 233 236 255 257 258 260 264 283 287 289 291 294 300 343 347 363 364 368 370 372 384 390 393 411 415 418 426 432 457 463 468 469 481 487 509 514 515 516 519 549 551 553 556 561 562 566 576 582 588 600 601 604 605 613 614 620 624 644 649 653 656 657 664 668 669 677 680 695 705 711 715 724 726 732 739 746 770 773 776 777 790 791 795 801 809 821 828 834 836 837 842 844 848
750
750
750
89
7 17 27 34 54 72 89 96 143 152 156 161 174 178 180 183 196 199 203 226 230 233 236 255 257 258 260 264 283 287 289 291 294 300 312 343 347 363 364 368 370 372 384 390 393 411 415 418 426 432 457 463 468 469 481 487 509 514 515 516 519 549 551 553 556 561 562 566 568 576 582 588 600 601 604 605 613 614 620 624 644 649 653 656 657 664 668 669 677 680 695 705 711 715 724 726 729 732 739 746 770 773 776 777 790 791 795 801 805 809 821 826 828 834 836 837 842 844 848
7 17 27 34 54 60 72 89 96 143 152 156 161 174 178 180 183 196 199 203 226 230 233 236 255 257 258 260 264 283 287 289 291 294 300 312 343 347 363 364 368 370 372 384 390 393 411 415 418 426 432 457 463 468 469 481 487 509 514 515 516 519 549 551 553 556 561 562 566 568 576 582 588 600 601 604 605 613 614 620 624 644 649 653 656 657 664 668 669 677 680 695 705 711 715 724 726 729 732 739 746 770 773 776 777 790 791 795 801 805 809 821 826 828 834 836 837 842 844 848
660
660
748
7 17 27 34 36 54 57 60 72 89 96 143 152 156 161 174 178 180 183 188 196 199 203 226 230 233 236 255 257 258 260 264 283 287 289 291 294 300 312 343 347 363 364 368 370 372 384 390 393 411 415 418 426 432 457 463 468 469 481 487 509 514 515 516 519 549 551 553 556 561 562 566 568 576 582 588 600 601 604 605 613 614 620 624 644 649 653 656 657 664 668 669 677 680 695 705 711 715 724 726 729 732 739 746 770 773 776 777 790 791 795 801 805 809 821 826 828 834 836 837 842 844 848
7 17 27 34 36 54 57 60 72 89 96 143 152 156 161 174 178 180 183 188 196 199 203 226 230 233 236 255 257 258 260 264 283 287 289 291 294 300 312 343 347 363 364 368 370 372 384 390 393 411 415 418 426 432 457 463 468 469 481 487 509 514 515 516 519 549 551 553 556 561 562 566 568 576 582 588 600 601 604 605 613 614 620 624 644 649 653 656 657 664 668 669 677 680 695 705 711 715 724 726 729 732 739 746 770 773 776 777 790 791 795 801 805 809 821 826 828 834 836 837 842 844 848
657
746
746
657
746
89
7 17 27 34 36 54 57 60 72 89 96 143 152 156 161 174 178 180 183 188 196 199 203 226 230 233 236 255 257 258 260 264 283 287 289 291 294 300 312 343 347 363 364 368 370 372 384 390 393 411 413 415 418 426 432 457 463 468 469 476 481 487 509 514 515 516 519 549 551 553 556 561 562 566 568 576 582 588 600 601 604 605 613 614 620 624 644 649 653 656 657 664 668 669 677 680 695 705 711 715 724 726 729 732 739 746 770 773 776 777 790 791 795 801 805 809 821 826 828 834 836 837 842 843 844 848
7 17 27 34 36 54 57 60 72 89 96 143 152 156 161 174 178 180 183 188 196 199 203 226 230 233 236 255 257 258 260 264 283 287 289 291 294 300 312 343 347 363 364 368 370 372 384 390 393 411 413 415 418 426 432 457 463 468 469 476 481 487 509 514 515 516 519 549 551 553 556 561 562 566 568 576 582 588 600 601 604 605 613 614 620 624 644 649 653 656 657 664 668 669 677 680 695 705 711 715 724 726 729 732 739 746 770 773 776 777 790 791 795 801 805 809 821 826 828 834 836 837 842 843 844 848
743
90
742
90
650
650
7 17 27 34 36 43 54 57 60 72 89 96 143 152 156 161 174 178 180 183 188 196 199 203 226 230 233 236 255 257 258 260 264 283 287 289 291 294 300 312 343 347 350 363 364 368 370 372 384 390 393 411 413 415 418 426 432 457 463 468 469 476 481 487 509 514 515 516 519 549 551 553 556 561 562 566 568 576 582 588 600 601 604 605 613 614 620 624 644 649 653 656 657 664 668 669 677 680 695 705 711 715 724 726 729 732 739 746 770 773 776 777 790 791 795 801 805 809 821 826 828 834 836 837 842 843 844 848
7 17 27 34 36 43 54 57 60 72 89 96 143 152 156 161 174 178 180 183 188 196 199 203 226 230 233 236 255 257 258 260 264 283 287 289 291 294 300 312 343 347 350 363 364 368 370 372 384 390 393 411 413 415 418 426 432 457 463 468 469 476 481 487 509 514 515 516 519 549 551 553 556 561 562 566 568 576 582 588 600 601 604 605 613 614 620 624 644 649 653 656 657 664 668 669 677 680 695 705 711 715 724 726 729 732 739 746 770 773 776 777 790 791 795 801 805 809 821 826 828 834 836 837 842 843 844 848
90
90
740
