vazio
627
627
0
627
627
627
vazio
627
0
627
624
71
1
624
1
623
71
624
71 211
624
71 211
622
624
623
71 211 292
618
616
5
5
35 71 211 251 292 425 543
35 71 211 251 292 425 543
6
7
613
620
620
35 71 170 211 251 292 425 427 543
611
35 71 170 211 251 292 425 427 543
618
35 71 170 211 251 292 425 427 543
610
35 71 170 211 251 292 425 427 490 543
618
9
35 71 170 211 251 292 425 427 490 543
9
609
35 71 170 211 251 292 425 427 490 543
608
10
12
13
35 71 79 146 170 211 229 251 271 292 425 427 490 543
614
13
614
614
13
35 71 79 146 170 211 229 251 271 292 425 427 490 543
35 71 79 146 170 211 229 251 271 292 425 427 490 543
13
35 71 79 146 170 211 229 251 271 292 425 427 490 543
613
600
599
15
613
15
596
596
596
16
596
16
595
612
594
590
609
608
608
608
35 42 67 71 79 146 170 200 211 229 251 271 292 380 425 427 490 531 543 577 595
608
21
35 42 67 71 79 146 170 200 211 229 251 271 292 343 380 425 427 490 531 543 577 595
21
22
24
580
24
35 42 67 71 79 146 170 200 211 229 251 271 292 343 355 378 380 388 425 427 490 531 543 577 595
576
601
600
600
35 42 67 71 79 146 170 185 200 211 229 251 271 292 343 355 378 380 388 425 427 490 531 543 565 577 583 595
575
26
600
571
35 42 67 71 79 146 170 185 194 200 207 211 229 251 270 271 292 343 355 356 378 380 388 425 427 490 531 543 548 565 577 583 595
570
599
599
30
30
35 42 67 71 79 146 170 185 194 200 207 211 229 251 270 271 292 343 355 356 378 380 388 425 427 490 528 531 543 548 565 577 583 595
35 42 67 71 79 146 170 185 189 194 200 207 211 229 251 270 271 292 343 355 356 378 380 388 425 427 490 528 531 543 548 565 577 583 595
567
35 42 67 71 79 91 146 170 185 189 194 200 207 211 229 251 270 271 292 343 355 356 378 380 388 425 427 490 528 531 543 548 565 577 583 595
596
596
565
595
35 42 67 71 79 91 108 146 170 185 189 194 200 207 211 229 251 270 271 292 343 355 356 378 380 388 425 427 490 528 531 543 548 565 577 583 595
562
562
594
594
32
35 42 67 71 79 91 108 146 170 185 189 194 200 207 211 229 251 270 271 292 343 355 356 378 380 388 425 427 490 528 531 543 548 565 577 583 595
32
594
562
594
592
35 42 67 71 79 83 91 108 146 170 180 185 189 194 200 207 211 229 251 270 271 292 343 355 356 378 380 388 408 425 427 490 528 531 543 548 565 577 583 595
558
592
558
591
34
34
555
35
555
35
589
35
554
551
36
586
37
35 42 67 71 79 83 91 108 146 170 180 185 189 193 194 200 207 211 229 251 270 271 292 343 355 356 378 380 388 408 425 427 490 493 497 528 531 543 548 555 565 577 583 595
584
547
584
37
35 42 67 71 79 83 91 108 146 170 180 185 189 193 194 200 207 211 229 251 270 271 292 343 355 356 378 380 388 408 425 427 490 493 497 528 531 543 548 555 565 577 583 595
35 42 67 71 79 83 91 108 146 170 180 185 189 193 194 200 207 211 229 251 270 271 292 343 355 356 378 380 388 408 425 427 490 493 497 528 531 543 548 555 565 577 583 595
545
583
38
545
545
544
38
544
582
35 42 67 71 79 83 91 94 108 146 170 180 185 189 193 194 200 206 207 211 229 251 270 271 292 343 355 356 378 380 388 408 425 427 490 493 497 528 531 543 548 555 565 577 583 595
35 42 67 71 79 83 91 94 108 146 170 180 185 189 193 194 200 206 207 211 229 251 270 271 292 343 355 356 378 380 388 408 425 427 490 493 497 528 531 543 548 555 565 577 583 595
39
581
35 42 67 71 76 79 83 91 94 108 146 170 180 185 189 193 194 200 206 207 211 229 251 270 271 292 343 355 356 378 380 388 408 425 427 490 493 497 528 531 543 548 555 565 577 583 595
35 42 67 71 76 79 83 91 94 108 146 170 180 185 189 193 194 200 206 207 211 229 251 270 271 292 343 355 356 378 380 388 408 425 427 490 493 497 528 531 543 548 555 565 577 583 595
539
538
577
41
535
6 35 42 67 71 76 79 83 91 94 108 146 170 180 185 189 193 194 200 206 207 211 229 251 270 271 292 343 355 356 378 380 388 408 425 427 450 490 493 497 528 531 543 548 555 562 565 577 583 595
42
6 35 42 67 71 76 79 83 91 94 108 146 170 180 185 189 193 194 200 206 207 211 229 239 251 270 271 292 343 355 356 378 380 388 408 425 427 450 490 493 497 528 531 543 548 555 562 565 577 583 595
529
572
6 35 42 67 71 76 79 83 91 94 108 146 170 180 185 189 193 194 200 206 207 211 229 239 251 270 271 292 343 355 356 364 378 380 388 408 425 427 450 490 493 497 528 531 543 548 555 562 565 577 583 595
572
529
529
528
572
6 35 42 67 71 76 79 83 91 94 108 146 170 174 180 185 189 193 194 200 206 207 211 229 239 251 270 271 292 343 355 356 364 378 380 386 388 408 425 427 450 490 493 497 528 531 543 548 555 562 565 577 583 584 595
527
572
570
45
570
570
525
45
569
522
47
569
6 13 35 42 67 71 76 79 83 91 94 108 146 170 174 177 180 185 189 193 194 200 206 207 211 229 239 251 270 271 292 343 347 355 356 364 378 380 386 388 408 425 427 428 450 490 492 493 497 528 531 543 548 555 561 562 565 570 577 583 584 595
49
518
516
52
52
53
514
6 13 14 35 42 67 71 76 79 83 91 94 108 145 146 170 174 177 180 185 189 193 194 200 206 207 211 229 239 251 266 270 271 292 343 347 355 356 364 373 378 380 386 388 408 425 427 428 442 450 490 492 493 497 528 531 543 548 551 555 561 562 563 565 570 577 583 584 595 607
512
6 13 14 35 42 67 71 76 79 83 91 94 108 145 146 170 174 177 180 185 189 193 194 200 206 207 211 229 239 251 266 270 271 292 343 347 355 356 364 373 378 380 386 388 408 410 425 427 428 442 450 490 492 493 497 528 531 543 548 551 555 561 562 563 565 570 577 583 584 595 607
6 13 14 35 42 67 71 76 79 83 91 94 108 145 146 170 174 177 180 185 189 193 194 200 206 207 211 229 239 251 266 270 271 292 343 347 355 356 364 373 378 380 386 388 408 410 425 427 428 442 450 490 492 493 497 528 531 543 548 551 555 561 562 563 565 570 577 583 584 595 607
567
567
57
566
58
58
58
565
59
565
565
565
565
564
61
61
563
6 13 14 30 35 42 67 71 76 79 83 91 94 108 114 118 145 146 170 174 177 180 185 189 193 194 200 206 207 211 229 239 251 252 266 270 271 292 304 305 327 343 347 355 356 364 373 378 380 386 388 408 410 425 427 428 439 442 450 490 492 493 497 528 531 543 545 548 551 554 555 561 562 563 565 570 577 583 584 595 607
563
62
563
562
64
6 13 14 18 30 35 42 65 67 71 76 79 83 91 94 108 114 118 132 145 146 155 170 174 177 180 185 189 193 194 200 206 207 211 220 229 239 251 252 266 270 271 292 304 305 327 343 347 355 356 364 373 378 380 386 388 408 410 425 427 428 439 442 450 490 492 493 497 528 531 543 545 548 551 554 555 561 562 563 565 570 577 583 584 595 607
6 13 14 18 30 35 42 65 67 71 76 79 83 91 94 108 114 118 132 145 146 155 170 174 177 180 185 189 193 194 200 206 207 211 220 229 239 251 252 266 270 271 292 304 305 327 343 347 355 356 364 373 378 380 386 388 408 410 425 427 428 439 442 450 490 492 493 497 528 531 543 545 548 551 554 555 561 562 563 565 570 577 583 584 595 607
493
491
557
490
557
6 13 14 18 30 35 42 65 67 71 76 79 83 91 94 108 114 118 123 132 145 146 155 170 174 177 180 185 189 193 194 200 206 207 211 220 229 239 251 252 266 270 271 292 304 305 327 343 347 355 356 364 373 378 380 386 388 401 408 410 425 427 428 439 442 450 490 492 493 497 528 531 543 545 548 551 554 555 561 562 563 565 570 577 583 584 595 607
67
488
488
555
68
555
555
68
485
553
483
483
70
6 13 14 18 30 35 42 65 67 71 76 79 83 91 94 108 114 118 123 132 145 146 155 170 174 177 180 185 189 193 194 200 206 207 211 220 229 239 251 252 266 270 271 292 304 305 327 343 347 355 356 364 373 378 380 386 388 401 408 410 425 427 428 439 442 446 450 490 492 493 497 520 523 528 531 543 545 548 551 554 555 561 562 563 565 570 577 583 584 595 607 618
553
553
6 13 14 18 30 35 42 65 67 71 76 79 83 91 94 108 114 118 123 132 145 146 155 170 174 177 180 185 189 193 194 200 206 207 211 220 229 239 251 252 266 270 271 292 304 305 327 343 347 355 356 364 373 378 380 386 388 401 408 410 425 427 428 439 442 446 450 490 492 493 497 520 523 528 531 543 545 548 551 554 555 561 562 563 565 570 577 583 584 595 607 618
553
6 13 14 18 30 35 42 65 67 71 76 79 83 91 94 108 114 118 123 132 145 146 155 170 174 177 180 185 189 193 194 200 206 207 211 220 229 239 251 252 266 270 271 292 304 305 327 343 347 355 356 364 373 378 380 386 388 401 408 410 425 427 428 439 442 446 450 490 492 493 497 520 523 528 531 543 545 548 551 554 555 561 562 563 565 570 577 583 584 595 607 618
553
6 13 14 18 30 35 42 65 67 71 76 79 83 91 94 108 114 118 123 132 145 146 155 170 174 177 180 185 189 193 194 200 206 207 211 220 229 239 251 252 266 270 271 292 304 305 327 343 347 355 356 364 373 378 380 386 388 401 408 410 425 427 428 439 442 446 450 475 490 492 493 497 520 523 528 531 543 545 548 551 554 555 561 562 563 565 570 577 583 584 595 607 618
553
482
71
552
71
479
479
552
73
73
73
74
475
474
75
75
549
75
6 13 14 18 30 35 42 43 65 67 71 76 79 83 88 91 94 108 114 118 123 132 145 146 155 170 174 177 179 180 185 189 193 194 200 206 207 211 220 229 239 251 252 266 270 271 292 304 305 327 343 347 355 356 364 373 378 380 386 388 401 408 410 425 427 428 439 442 446 450 475 479 490 492 493 497 520 523 528 531 543 545 548 551 554 555 561 562 563 565 570 572 577 583 584 595 597 607 618
6 13 14 18 30 35 42 43 65 67 71 76 79 83 88 91 94 108 114 118 123 132 145 146 155 170 174 177 179 180 185 189 193 194 200 206 207 211 220 229 239 251 252 266 270 271 292 304 305 327 343 347 355 356 364 373 378 380 386 388 401 408 410 425 427 428 439 442 446 450 475 479 490 492 493 497 520 523 528 531 543 545 548 551 554 555 561 562 563 565 570 572 577 583 584 595 597 607 618
6 13 14 18 30 35 42 43 65 67 71 76 79 83 88 91 94 108 114 118 123 132 145 146 155 170 174 177 179 180 185 189 193 194 200 206 207 211 220 229 239 251 252 266 270 271 292 304 305 327 343 347 355 356 364 373 378 380 386 388 401 408 410 425 427 428 439 442 446 450 475 479 490 492 493 497 520 523 528 531 543 545 548 551 554 555 561 562 563 565 570 572 577 583 584 595 597 607 618
548
75
548
75
473
548
6 13 14 18 30 35 42 43 65 67 71 76 79 83 88 91 94 108 114 118 123 132 145 146 155 170 174 177 179 180 185 189 193 194 200 206 207 211 220 229 239 251 252 266 270 271 292 304 305 327 343 347 355 356 364 373 378 380 386 388 401 408 410 425 427 428 439 442 446 450 475 479 490 492 493 497 520 523 528 531 543 545 548 551 554 555 561 562 563 565 570 572 577 583 584 595 597 607 618
546
75
6 13 14 18 30 35 42 43 65 67 71 76 79 83 88 91 94 108 114 118 123 132 145 146 155 170 174 177 179 180 185 189 193 194 200 206 207 211 220 229 239 251 252 266 270 271 292 304 305 327 343 347 355 356 364 373 378 380 386 388 401 408 410 425 427 428 439 442 446 450 475 479 490 492 493 497 520 523 528 531 543 545 548 551 554 555 561 562 563 565 570 572 577 583 584 595 597 607 618
6 13 14 18 30 35 42 43 65 67 71 76 79 83 88 91 94 108 114 118 123 132 145 146 155 170 174 177 179 180 185 189 193 194 200 206 207 211 220 229 239 251 252 266 270 271 292 304 305 327 343 347 355 356 364 373 378 380 386 388 401 408 410 425 427 428 439 442 446 450 475 479 490 492 493 497 520 523 528 531 543 545 548 551 554 555 561 562 563 565 570 572 577 583 584 595 597 607 618
75
75
544
469
468
76
543
6 13 14 18 30 35 42 43 65 67 71 76 79 83 88 91 94 108 114 118 123 132 145 146 155 170 174 177 179 180 185 189 193 194 200 206 207 211 220 229 239 251 252 266 270 271 292 304 305 327 343 347 355 356 364 373 378 380 386 388 401 408 410 425 427 428 439 442 446 450 475 479 490 492 493 497 520 523 528 531 532 543 545 548 551 554 555 561 562 563 565 570 572 577 583 584 595 597 607 618 626
543
77
543
6 13 14 18 30 35 42 43 65 67 71 76 79 83 88 91 94 108 114 118 123 132 145 146 155 170 174 177 179 180 185 189 193 194 200 206 207 211 220 229 239 251 252 266 270 271 292 304 305 327 343 347 355 356 364 373 378 380 386 388 401 408 410 425 427 428 439 442 446 450 475 479 490 492 493 497 520 523 528 531 532 543 545 548 551 554 555 561 562 563 565 570 572 577 583 584 595 597 607 618 626
543
463
461
460
540
459
539
81
6 13 14 18 21 30 35 42 43 65 67 71 76 79 83 88 91 94 108 114 118 123 132 135 145 146 149 155 170 174 177 179 180 185 189 193 194 200 206 207 211 220 229 239 249 251 252 266 270 271 278 292 304 305 327 343 347 352 355 356 364 373 378 380 386 388 396 401 408 410 425 427 428 439 442 446 450 475 479 485 490 492 493 497 520 523 528 531 532 543 545 548 551 554 555 561 562 563 565 570 572 577 583 584 595 597 607 618 626
81
6 13 14 18 21 30 35 42 43 65 67 71 76 79 83 88 91 94 108 114 118 123 132 135 145 146 149 155 170 174 177 179 180 185 189 193 194 200 206 207 211 220 229 239 249 251 252 266 270 271 278 292 304 305 327 343 347 352 355 356 364 373 378 380 386 388 396 401 408 410 425 427 428 439 442 446 450 475 479 485 490 492 493 497 520 523 528 531 532 543 545 548 551 554 555 561 562 563 565 570 572 577 583 584 595 597 607 618 626
458
458
457
81
6 13 14 18 21 30 35 42 43 65 67 71 76 79 83 88 91 94 99 108 114 118 123 132 135 145 146 149 155 170 174 177 179 180 185 189 193 194 200 206 207 211 220 229 239 249 251 252 266 270 271 278 292 304 305 327 343 347 352 355 356 364 373 378 380 386 388 396 401 408 410 425 427 428 439 442 446 450 463 475 479 485 490 492 493 497 520 523 528 531 532 543 545 548 551 554 555 561 562 563 565 570 572 577 583 584 595 597 607 618 626
6 13 14 18 21 30 35 42 43 65 67 71 76 79 83 88 91 94 99 108 114 118 123 132 135 145 146 149 155 170 174 177 179 180 185 189 193 194 200 206 207 211 220 229 239 249 251 252 266 270 271 278 292 304 305 327 343 347 352 355 356 364 373 378 380 386 388 396 401 408 410 425 427 428 439 442 446 450 463 475 479 485 490 492 493 497 520 523 528 531 532 543 545 548 551 554 555 561 562 563 565 570 572 577 583 584 595 597 607 618 626
6 13 14 18 21 30 35 42 43 65 67 71 76 79 83 88 91 94 99 108 114 118 123 132 135 145 146 149 155 170 174 177 179 180 185 189 193 194 200 206 207 211 220 229 239 249 251 252 266 270 271 278 292 304 305 327 343 347 352 355 356 364 373 378 380 386 388 396 401 408 410 425 427 428 439 442 446 450 463 475 479 485 490 492 493 497 520 523 528 531 532 543 545 548 551 554 555 561 562 563 565 570 572 577 583 584 595 597 607 618 626
455
6 13 14 18 21 30 35 42 43 65 67 71 76 79 83 88 91 94 99 108 114 118 123 132 135 145 146 149 155 170 174 177 179 180 185 189 193 194 200 206 207 211 220 229 239 249 251 252 266 270 271 278 292 304 305 327 343 347 352 355 356 364 373 378 380 386 388 396 401 408 410 425 427 428 439 442 446 450 463 467 475 479 485 490 492 493 497 520 523 528 531 532 543 545 548 551 554 555 561 562 563 565 570 572 577 583 584 595 597 607 618 626
6 13 14 18 21 30 35 42 43 65 67 71 76 79 83 88 91 94 99 108 114 118 123 132 135 145 146 149 155 170 174 177 179 180 185 189 193 194 200 206 207 211 220 229 239 249 251 252 266 270 271 278 292 304 305 327 343 347 352 355 356 364 373 378 380 386 388 396 401 408 410 425 427 428 439 442 446 450 463 467 475 479 485 490 492 493 497 520 523 528 531 532 543 545 548 551 554 555 561 562 563 565 570 572 577 583 584 595 597 607 618 626
454
6 13 14 18 21 30 35 42 43 65 67 71 76 79 82 83 88 91 94 99 108 114 118 123 132 135 145 146 149 155 170 174 177 179 180 185 189 193 194 200 206 207 211 220 229 239 249 251 252 266 270 271 278 292 304 305 327 343 347 352 355 356 364 373 378 380 386 388 396 401 408 410 425 427 428 439 442 446 450 463 467 475 479 485 490 492 493 497 502 520 523 528 531 532 543 545 548 551 554 555 561 562 563 565 570 572 577 583 584 595 597 607 618 626
6 13 14 18 21 30 35 42 43 65 67 71 76 79 82 83 88 91 94 99 108 114 118 123 132 135 145 146 149 155 170 174 177 179 180 185 189 193 194 200 206 207 211 220 229 239 249 251 252 266 270 271 278 292 304 305 327 343 347 352 355 356 364 373 378 380 386 388 396 401 408 410 425 427 428 439 442 446 450 463 467 475 479 485 490 492 493 497 502 520 523 528 531 532 543 545 548 551 554 555 561 562 563 565 570 572 577 583 584 595 597 607 618 626
537
452
537
537
452
452
537
85
452
451
85
85
85
450
85
85
6 13 14 18 21 30 35 42 43 65 67 71 76 79 82 83 88 91 94 99 108 114 118 123 132 135 145 146 149 155 170 174 177 179 180 185 189 193 194 200 206 207 211 220 229 239 249 251 252 266 270 271 278 292 304 305 327 328 343 347 352 355 356 364 373 378 380 386 388 396 401 408 410 425 427 428 439 442 446 450 463 467 475 479 485 490 492 493 497 502 520 523 528 531 532 543 545 548 551 554 555 561 562 563 565 570 572 577 583 584 595 597 601 602 607 618 626
6 13 14 18 21 30 35 42 43 65 67 71 76 79 82 83 88 91 94 99 108 114 118 123 132 135 145 146 149 155 170 174 177 179 180 185 189 193 194 200 206 207 211 220 229 239 249 251 252 266 270 271 278 292 304 305 327 328 343 347 352 355 356 364 373 378 380 386 388 396 401 408 410 425 427 428 439 442 446 450 463 467 475 479 485 490 492 493 497 502 520 523 528 531 532 543 545 548 551 554 555 561 562 563 565 570 572 577 583 584 595 597 601 602 607 618 626
446
89
444
533
6 13 14 18 21 30 35 42 43 65 67 71 76 79 82 83 88 91 94 99 108 114 118 123 132 135 145 146 149 151 155 170 174 177 179 180 185 189 193 194 200 206 207 211 220 229 239 246 249 251 252 266 270 271 278 280 292 304 305 327 328 343 347 352 355 356 364 373 377 378 380 386 388 396 401 408 410 416 419 425 426 427 428 439 442 446 450 463 467 475 479 485 490 492 493 495 497 502 520 523 528 531 532 543 545 548 551 554 555 561 562 563 565 570 572 577 583 584 595 597 601 602 607 618 626
91
92
439
6 13 14 18 21 30 35 42 43 65 67 71 76 79 82 83 88 91 94 99 108 114 118 122 123 132 135 145 146 149 151 155 159 170 174 177 179 180 185 189 193 194 200 206 207 211 220 229 239 246 249 251 252 266 270 271 278 280 292 304 305 327 328 343 347 352 355 356 364 373 377 378 380 386 388 396 401 408 410 416 419 425 426 427 428 439 442 446 450 463 467 475 479 485 490 492 493 495 497 502 520 523 528 531 532 543 545 548 551 554 555 561 562 563 565 570 572 577 583 584 595 597 601 602 607 618 626
531
439
530
6 13 14 18 21 30 35 42 43 65 67 71 76 79 82 83 88 91 94 99 108 114 118 122 123 132 135 145 146 149 151 155 159 170 174 177 179 180 185 189 193 194 200 206 207 211 220 229 239 246 249 251 252 266 270 271 278 280 292 293 304 305 327 328 343 347 352 355 356 364 373 377 378 380 386 388 396 401 408 410 416 419 425 426 427 428 439 442 446 450 463 467 475 479 485 490 492 493 495 497 502 520 523 528 531 532 543 545 548 551 554 555 561 562 563 565 570 572 577 583 584 595 597 601 602 607 618 626
530
6 13 14 18 21 30 35 42 43 65 67 71 76 79 82 83 88 91 94 99 108 114 118 122 123 132 135 145 146 149 151 155 159 170 174 177 179 180 185 189 193 194 200 206 207 211 220 229 239 246 249 251 252 266 270 271 278 280 292 293 304 305 327 328 343 347 352 355 356 364 373 377 378 380 386 388 396 401 408 410 416 419 425 426 427 428 439 442 446 450 463 467 475 479 485 490 492 493 495 497 502 520 523 528 531 532 543 545 548 551 554 555 561 562 563 565 570 572 577 583 584 595 597 601 602 607 618 626
530
438
530
530
438
92
530
92
6 13 14 18 21 30 35 42 43 65 67 71 76 79 82 83 88 91 94 99 108 114 118 122 123 125 132 135 145 146 149 151 155 159 170 174 177 179 180 185 189 193 194 200 206 207 211 220 229 239 246 249 251 252 266 270 271 278 280 292 293 304 305 327 328 343 347 352 355 356 364 373 377 378 380 386 388 396 401 408 410 416 419 425 426 427 428 439 442 446 450 463 467 475 479 485 490 492 493 495 497 502 520 523 528 531 532 543 545 548 551 554 555 561 562 563 565 570 572 577 583 584 595 597 601 602 607 618 626
529
529
6 13 14 18 21 30 35 42 43 65 67 71 76 79 82 83 88 91 94 99 108 114 118 122 123 125 132 135 145 146 149 151 155 159 170 174 177 179 180 185 189 193 194 200 206 207 211 220 229 239 246 249 251 252 266 270 271 278 280 292 293 304 305 327 328 343 347 352 355 356 364 373 377 378 380 386 388 396 401 408 410 416 419 425 426 427 428 439 442 446 450 463 467 475 479 485 490 492 493 495 497 502 520 523 528 531 532 543 545 548 551 554 555 561 562 563 565 570 572 577 583 584 595 597 601 602 607 618 626
6 13 14 18 21 30 35 42 43 65 67 71 76 79 82 83 88 91 94 99 108 114 118 122 123 125 132 135 145 146 149 151 155 159 170 174 177 179 180 185 189 193 194 200 206 207 211 220 229 239 246 249 251 252 266 270 271 278 280 292 293 304 305 327 328 343 347 352 355 356 364 373 377 378 380 386 388 396 401 408 410 416 419 425 426 427 428 439 442 446 450 463 467 475 479 485 490 492 493 495 497 502 520 523 528 531 532 543 545 548 551 554 555 561 562 563 565 570 572 577 583 584 595 597 601 602 607 618 626
6 13 14 18 21 30 35 42 43 65 67 71 76 79 82 83 88 91 94 99 108 114 118 122 123 125 132 135 145 146 149 151 155 159 170 174 177 179 180 185 189 193 194 200 206 207 211 220 229 239 246 249 251 252 266 270 271 278 280 292 293 304 305 327 328 343 347 352 355 356 364 373 377 378 380 386 388 396 401 408 410 416 419 425 426 427 428 439 442 446 450 463 467 475 479 485 490 492 493 495 497 502 520 523 528 531 532 543 545 548 551 554 555 561 562 563 565 570 572 577 583 584 595 597 601 602 607 618 626
527
6 13 14 18 21 30 35 42 43 65 67 71 76 79 82 83 88 91 94 99 108 114 118 122 123 125 132 135 145 146 149 151 155 159 170 174 177 179 180 185 189 193 194 200 205 206 207 211 220 229 239 246 249 251 252 266 270 271 278 280 292 293 304 305 327 328 343 347 352 355 356 364 373 377 378 380 386 388 396 401 408 410 416 419 425 426 427 428 439 442 446 450 463 467 475 479 485 490 492 493 495 497 502 520 523 528 531 532 543 545 548 551 554 555 561 562 563 565 570 572 577 583 584 595 597 601 602 607 618 626
94
6 13 14 18 21 30 35 42 43 65 67 71 76 79 82 83 88 91 94 99 108 114 118 122 123 125 132 135 145 146 149 151 155 159 170 174 177 179 180 185 189 193 194 200 205 206 207 211 220 229 239 246 249 251 252 266 270 271 278 280 292 293 304 305 327 328 343 347 352 355 356 364 373 377 378 380 386 388 396 401 408 410 416 419 425 426 427 428 439 442 446 450 463 467 475 479 485 490 492 493 495 497 502 520 523 528 531 532 543 545 548 551 554 555 561 562 563 565 570 572 577 583 584 595 597 601 602 607 618 626
527
433
93
525
93
525
6 13 14 18 21 30 35 42 43 65 67 71 76 79 82 83 88 91 94 99 108 114 118 122 123 125 132 135 145 146 149 151 155 159 170 174 177 179 180 185 189 193 194 200 205 206 207 211 220 229 239 246 249 251 252 266 270 271 278 280 292 293 304 305 327 328 343 347 352 355 356 364 373 377 378 380 386 388 396 401 408 410 416 419 425 426 427 428 439 442 446 450 463 467 475 479 485 490 492 493 495 497 502 520 523 528 531 532 536 543 545 548 551 554 555 561 562 563 565 570 572 577 583 584 595 597 601 602 607 618 626
430
94
95
524
427
427
95
522
95
426
425
6 13 14 18 21 30 35 42 43 65 67 71 76 79 82 83 88 91 94 99 108 114 118 122 123 125 132 135 145 146 149 151 155 159 170 174 177 179 180 185 189 193 194 200 205 206 207 211 220 229 239 246 247 249 251 252 266 270 271 278 280 292 293 304 305 327 328 336 343 347 352 355 356 364 373 377 378 380 386 388 396 401 408 410 416 419 425 426 427 428 439 442 446 450 463 467 475 479 485 490 492 493 495 497 502 520 523 528 531 532 536 542 543 545 548 551 554 555 561 562 563 565 570 572 577 583 584 595 597 601 602 607 618 626
6 13 14 18 21 30 35 42 43 65 67 71 76 79 82 83 88 91 94 99 108 114 118 122 123 125 132 135 145 146 149 151 155 159 170 174 177 179 180 185 189 193 194 200 205 206 207 211 220 229 239 246 247 249 251 252 266 270 271 278 280 292 293 304 305 327 328 336 343 347 352 355 356 364 373 377 378 380 386 388 396 401 408 410 416 419 425 426 427 428 439 442 446 450 463 467 475 479 485 490 492 493 495 497 502 520 523 528 531 532 536 542 543 545 548 551 554 555 561 562 563 565 570 572 577 583 584 595 597 601 602 607 618 626
96
6 13 14 18 21 30 35 42 43 65 67 71 76 79 82 83 88 91 94 99 108 114 118 122 123 125 132 135 145 146 149 151 155 159 170 174 177 179 180 185 189 193 194 200 205 206 207 211 220 229 239 246 247 249 251 252 266 270 271 278 280 292 293 304 305 327 328 336 343 347 352 355 356 364 373 377 378 380 386 388 396 401 408 410 416 419 425 426 427 428 439 442 446 450 463 467 475 479 485 490 492 493 495 497 502 520 523 528 531 532 536 542 543 545 548 551 554 555 561 562 563 565 570 572 577 583 584 595 597 601 602 607 618 626
6 13 14 18 21 30 35 42 43 65 67 71 76 79 82 83 88 91 94 99 108 114 118 122 123 125 132 135 145 146 149 151 155 159 170 174 177 179 180 185 189 193 194 200 205 206 207 211 220 229 239 246 247 249 251 252 266 270 271 278 280 292 293 304 305 327 328 336 343 347 352 355 356 364 373 377 378 380 386 388 396 401 408 410 416 419 425 426 427 428 439 442 446 450 463 467 475 479 485 490 492 493 495 497 502 520 523 528 531 532 536 542 543 545 548 551 554 555 561 562 563 565 570 572 577 583 584 595 597 601 602 607 618 626
97
519
519
6 13 14 18 21 30 35 42 43 65 67 71 76 79 82 83 88 91 94 99 108 114 118 122 123 125 132 135 145 146 149 151 155 159 170 174 177 179 180 185 189 193 194 200 205 206 207 211 220 229 239 246 247 249 251 252 266 270 271 278 280 292 293 304 305 327 328 336 343 347 352 355 356 364 373 377 378 380 386 388 396 401 408 410 416 419 425 426 427 428 439 442 445 446 450 463 467 475 479 485 490 492 493 495 497 502 520 523 528 531 532 536 542 543 545 548 551 554 555 561 562 563 565 570 572 577 583 584 595 597 601 602 607 618 626
98
99
418
517
517
101
