321
320
319
vazio
319
0
0
1
318
173
1
319
1
1
318
318
318
152 173
152 173
316
314
318
312
311
75 90 152 173 197 262
75 90 152 173 197 262
310
315
75 90 152 173 197 262
315
310
310
5
75 90 152 173 197 262
75 90 152 173 197 262
75 90 152 173 197 262
314
75 90 152 173 197 262
75 90 152 173 197 262
75 84 90 152 173 197 262
307
75 84 90 152 173 197 262
3 75 76 83 84 90 152 173 197 262 275
313
313
313
302
301
12
299
13
298
3 55 75 76 83 84 90 128 143 152 173 197 211 262 275
298
3 55 75 76 83 84 90 128 143 152 173 197 211 262 275
13
297
13
13
310
14
13
295
308
3 55 75 76 83 84 90 128 143 152 166 173 197 211 262 268 275
14
3 41 55 75 76 83 84 90 96 128 143 152 166 173 197 211 262 268 275
15
15
16
16
305
16
289
16
16
3 41 55 73 75 76 83 84 90 96 128 143 152 166 173 197 211 262 268 275
18
304
3 41 55 73 75 76 83 84 90 96 128 143 152 154 166 173 197 211 222 231 262 268 275
18
3 41 55 73 75 76 83 84 90 96 128 143 152 154 166 173 197 211 222 231 262 268 275
3 41 55 73 75 76 83 84 90 96 128 143 152 154 166 173 197 211 222 231 262 268 275
3 41 55 73 75 76 83 84 90 96 128 143 152 154 166 173 197 211 222 231 262 268 275 293
281
281
299
299
3 41 55 73 75 76 83 84 90 91 96 128 143 152 154 166 173 197 211 222 231 262 268 275 293
298
298
298
298
3 8 41 55 73 75 76 83 84 90 91 96 128 143 152 154 166 173 197 211 222 231 262 268 275 293
278
3 8 41 55 73 75 76 83 84 90 91 96 128 143 152 154 166 173 197 211 222 231 262 268 275 293
3 8 41 55 73 75 76 83 84 90 91 96 128 143 152 154 166 173 197 211 222 231 262 268 275 293
298
20
3 8 41 55 73 75 76 83 84 90 91 96 128 143 152 154 166 173 197 211 222 231 262 268 275 293
3 8 41 55 73 75 76 83 84 90 91 96 128 143 152 154 166 173 197 211 222 231 262 268 275 293
278
3 8 41 55 73 75 76 83 84 90 91 96 128 143 152 154 166 173 194 197 211 222 231 262 268 275 293
3 8 41 55 73 75 76 83 84 90 91 96 128 143 152 154 166 173 194 197 211 222 231 262 268 275 293
3 8 41 55 73 75 76 83 84 90 91 96 128 143 152 154 166 173 194 197 211 222 231 262 268 275 293
3 8 41 55 73 75 76 83 84 90 91 96 128 143 152 154 166 173 194 197 211 222 231 262 268 275 293
296
296
295
3 8 41 55 60 73 75 76 83 84 90 91 96 116 128 143 152 154 166 173 194 197 211 222 231 262 268 275 293
271
294
294
24
24
3 7 8 41 55 60 65 73 75 76 83 84 90 91 96 116 128 143 144 152 154 166 173 194 197 211 222 231 262 268 275 293
3 7 8 41 55 60 65 73 75 76 83 84 90 91 96 116 128 143 144 152 154 166 173 194 197 211 222 231 259 262 268 275 293 300
266
3 7 8 41 55 60 65 73 75 76 83 84 90 91 96 116 128 143 144 152 153 154 166 173 194 197 211 222 231 259 262 268 275 293 300
292
292
26
292
292
26
3 7 8 41 55 60 65 73 75 76 83 84 90 91 96 116 128 143 144 152 153 154 166 173 194 197 211 222 231 259 262 268 275 293 300
265
27
265
27
3 7 8 41 55 60 65 73 75 76 83 84 90 91 96 116 128 143 144 151 152 153 154 166 173 194 197 211 216 222 231 259 262 268 275 293 300
292
265
3 7 8 41 55 60 65 73 75 76 83 84 90 91 96 116 128 143 144 151 152 153 154 166 173 194 197 211 216 222 231 259 262 268 275 293 300
3 7 8 41 55 60 65 73 75 76 83 84 90 91 96 116 128 143 144 151 152 153 154 166 173 194 197 211 216 222 231 259 262 268 275 293 300
27
292
27
3 7 8 41 55 60 65 73 75 76 83 84 90 91 96 116 128 143 144 151 152 153 154 166 173 194 197 211 216 222 231 259 262 268 275 293 300
27
265
292
292
292
27
261
31
31
289
31
258
3 7 8 34 41 55 60 64 65 68 73 75 76 83 84 89 90 91 96 116 128 143 144 151 152 153 154 166 173 194 197 211 216 222 231 259 261 262 266 268 275 285 293 300
288
32
287
255
287
3 7 8 34 41 55 60 64 65 68 73 75 76 83 84 89 90 91 96 116 128 143 144 151 152 153 154 166 173 194 197 211 216 222 231 259 261 262 266 268 275 285 293 300
287
32
286
286
286
33
252
3 7 8 34 41 55 60 64 65 68 73 75 76 83 84 89 90 91 96 116 128 143 144 151 152 153 154 166 173 194 197 211 216 222 231 259 261 262 266 268 275 285 293 296 300
250
33
250
33
283
3 7 8 34 41 55 60 64 65 68 73 75 76 83 84 89 90 91 96 116 128 143 144 151 152 153 154 166 173 194 197 211 216 222 231 259 261 262 266 268 275 285 293 296 300
247
3 7 8 34 41 55 60 64 65 68 73 75 76 80 83 84 89 90 91 96 111 116 128 143 144 151 152 153 154 166 173 194 197 211 216 222 231 259 261 262 266 268 275 285 293 296 300
282
3 7 8 34 41 55 60 64 65 68 73 75 76 80 83 84 89 90 91 96 111 116 128 143 144 151 152 153 154 166 173 194 197 211 216 222 231 259 261 262 266 268 275 285 293 296 300
282
282
3 7 8 34 41 55 60 64 65 68 73 75 76 80 83 84 89 90 91 96 111 116 128 143 144 151 152 153 154 166 173 194 197 211 216 222 231 259 261 262 266 268 275 285 293 296 300
245
3 7 8 34 41 55 60 64 65 68 73 75 76 80 83 84 89 90 91 96 111 116 128 143 144 146 151 152 153 154 166 173 194 197 201 211 216 222 226 231 259 261 262 266 268 275 285 293 296 300
3 7 8 34 41 55 60 64 65 68 73 75 76 80 83 84 89 90 91 96 111 116 128 143 144 146 151 152 153 154 166 173 194 197 201 211 216 222 226 231 259 261 262 266 268 275 285 293 296 300
278
277
277
40
237
237
237
277
40
277
237
3 7 8 34 41 55 60 64 65 68 73 75 76 80 83 84 89 90 91 96 103 111 116 128 143 144 146 151 152 153 154 157 166 173 194 197 201 211 216 222 226 231 253 259 261 262 266 268 275 285 293 296 300 313
3 7 8 34 41 55 60 64 65 68 73 75 76 80 83 84 89 90 91 96 103 111 116 128 143 144 146 151 152 153 154 157 166 173 194 197 201 211 216 222 226 228 231 244 253 259 261 262 266 268 275 285 293 296 300 313
233
3 7 8 34 41 55 60 64 65 68 73 75 76 80 83 84 89 90 91 96 103 111 116 128 143 144 146 151 152 153 154 157 166 173 194 197 201 211 216 222 226 228 231 244 253 259 261 262 266 268 275 285 293 296 300 313
41
233
233
41
3 7 8 34 41 55 60 64 65 68 73 75 76 80 83 84 89 90 91 96 103 111 116 128 143 144 146 151 152 153 154 157 166 173 194 197 201 211 216 222 226 228 231 244 253 259 261 262 266 268 275 285 293 296 300 313
3 7 8 34 41 55 60 64 65 68 73 75 76 80 83 84 89 90 91 96 103 111 116 128 143 144 146 151 152 153 154 157 166 173 194 197 201 211 216 222 226 228 231 244 253 259 261 262 266 268 275 285 293 296 300 313
41
233
274
274
41
233
3 7 8 34 41 55 60 64 65 68 73 75 76 80 83 84 89 90 91 96 103 111 116 128 143 144 146 151 152 153 154 157 166 173 194 197 201 211 216 222 226 228 231 244 253 259 261 262 266 268 275 285 293 296 300 313
42
42
232
232
42
42
43
270
43
43
270
227
3 7 8 34 41 55 60 64 65 68 73 75 76 80 83 84 89 90 91 96 98 103 111 116 128 143 144 146 151 152 153 154 157 159 162 166 173 194 197 201 204 211 216 222 226 228 231 244 253 259 261 262 266 268 275 285 293 296 300 305 313
270
226
50
218
268
3 7 8 26 34 41 43 55 60 64 65 68 73 75 76 80 83 84 89 90 91 96 98 102 103 111 116 128 137 143 144 146 151 152 153 154 155 157 159 162 166 173 194 196 197 201 204 211 216 222 226 228 231 243 244 253 259 261 262 266 268 275 285 293 296 300 305 313
265
265
213
213
265
53
53
53
