BLP-6253 32291.13
BWV-7428 335419.67
EKH-7204 1818530.82 E X
PHP-7233 547500.22 E X
RST-3474 441331.91 E X
QTL-0677 2880915.86 E X
RAT-0135 2099465.83 E X
QTL-0677 2023477.87 E
NCC-2138 1960581.95 E
JJV-0035 8449271.19 E
OFX-3583 3437427.79 E
SSQ-0453 1953888.35 E
DJP-4013 14798536.19 E X
DPO-0813 6343222.22 E
UJA-7883 2912713.00 E
RST-3474 1166394.15 E
AMM-2667 10073660.25 E
WLX-5422 20820047.00 E X
SPG-6861 20569449.77 E X
HOR-5666 398918.84 E
MEL-0102 3554706.73 E
USI-1323 2838514.08 E
KCO-2328 12889643.85 E
IGR-3065 545193.56 E
SFX-6163 7510007.73 E
PDW-2045 22958644.91 E X
XUX-5480 3727932.96 E
AYH-8817 29582818.98 E X
