MNM-7574 573236.66 E X
AMG-6307 1520502.33 E X
JNP-0755 270263.56 E
RWH-4088 2783898.87 E X
EOC-5757 823250.63 E X
BUV-3230 1315926.33 E X
PIY-1571 2694584.32 E X
AYJ-4855 727015.39 E
DOB-7547 2286919.37 E
IIW-5235 4752523.96 E X
RBN-4768 2677026.89 E X
NLA-6400 1327278.79 E
DQH-1783 7104132.09 E X
AMG-6307 1153113.62 E
PLD-2674 2272804.56 E
CDP-4122 3643917.74 E
PCB-2376 2125542.22 E
RGP-4458 345004.95 E
IIW-5235 4307782.91 E X
HHW-2646 3338273.52 E
NJG-3611 1453597.38 E
DPD-0411 5926619.30 E
BDH-8536 4596878.82 E
NYA-6706 89147.22 E
DQU-5746 336785.83 E
YNA-4261 1364026.13 E
AXN-5401 1019174.83 E
MEY-3160 5183577.57 E
BUS-8473 5207972.46 E
BPW-6103 306906.82 E
DOB-7547 2707760.32 E
EJN-7854 3232895.83 E
CMR-4544 10158264.24 E
IDQ-2364 2458521.00 E
NJG-3611 1777607.09 E
SLC-8562 352890.44 E
OJC-0242 292150.35 E
VBK-5318 8386073.65 E X
GOG-8283 10216754.47 E X
GRQ-8527 5670592.26 E X
BCE-2444 318685.61 E
TCB-1141 4624495.70 E
EJN-7854 3530410.99 E
JDU-2477 7595151.80 E X
JLH-5723 13270969.49 E
BBF-1020 9721258.99 E
CXM-1738 7473233.49 E
RWH-4088 16373125.00 E X
TTB-2106 1484007.31 E
CAA-4432 11274076.15 E
NYA-6706 12450289.85 E X
UMK-8642 4314884.88 E
BUS-8473 665456.39 E
GPF-6116 1288641.91 E
DQU-5746 18639186.03 E X
XIN-6208 6203141.77 E
AOR-5251 5860053.62 E
CMR-4544 8464924.64 E X
MOK-6221 1704405.09 E
