849
1
846
846
846
1
1
844
1
845
118 712
845
2
118 396 712
3
118 396 712
118 396 712
842
118 396 712
3
845
841
845
841
841
845
7
842
8
833
77 118 146 182 396 576 703 712
833
841
77 118 146 182 396 576 703 712
77 118 146 182 396 576 703 712
8
9
840
839
77 118 146 182 396 576 602 703 712
9
839
839
77 118 146 182 396 576 602 703 712
10
829
829
12
827
12
77 103 118 146 182 396 576 602 703 712 781 818
826
823
14
77 103 118 146 182 295 396 442 527 576 597 602 703 712 781 818
15
16
77 103 118 146 182 295 396 442 527 576 597 602 703 712 731 781 818
77 103 118 138 146 182 295 396 442 527 576 597 602 703 712 731 781 818
17
77 103 118 138 146 182 295 396 442 527 576 597 602 703 712 731 781 818
816
816
77 103 118 138 146 182 295 396 442 527 576 597 602 703 712 731 781 818
18
813
813
812
62 77 103 118 133 138 146 182 200 207 295 396 442 527 576 597 602 703 712 731 781 818
831
22
806
806
62 77 103 118 133 138 146 182 200 207 295 396 442 527 576 597 602 703 712 731 781 811 818
804
62 77 103 118 133 138 146 182 200 207 295 396 442 527 576 597 602 703 712 731 781 811 818
803
23
825
825
58 62 77 103 118 133 138 146 182 200 207 295 396 442 527 576 597 602 703 712 731 781 798 811 818
58 62 77 103 118 133 138 146 182 200 207 295 396 442 527 576 597 602 703 712 731 781 798 811 818
799
24
822
24
58 62 70 77 103 118 133 138 146 182 200 207 295 396 442 527 576 597 602 703 712 731 781 798 811 818
58 62 70 77 103 118 133 138 146 182 200 207 295 396 442 527 576 597 602 703 712 731 781 798 811 818
821
24
24
819
793
793
792
792
26
58 62 70 77 103 118 133 138 146 182 200 207 295 334 396 442 479 484 527 576 597 602 703 712 731 781 798 811 818
789
816
58 62 70 77 103 118 133 138 146 182 200 207 226 295 334 396 442 479 484 527 576 597 602 640 703 712 731 781 798 811 818
27
58 62 70 77 103 118 133 138 146 182 200 207 226 295 334 396 442 479 484 527 576 597 602 640 703 712 731 781 798 811 818
786
28
46 58 62 70 77 103 118 133 138 146 182 200 207 226 295 334 396 442 479 484 527 576 597 602 640 703 712 731 781 798 811 818
28
28
46 58 62 70 77 103 118 133 138 146 182 200 207 226 295 334 396 442 479 484 527 576 597 602 640 703 712 731 781 798 811 818
28
785
28
46 58 62 70 77 103 118 133 138 146 182 200 207 226 295 334 396 442 479 484 527 576 597 602 640 703 712 731 781 798 811 818
813
812
30
46 58 62 70 77 103 118 133 138 146 182 200 207 226 295 320 334 396 442 473 479 484 527 576 597 602 640 659 703 712 731 781 798 811 818
30
30
810
810
31
32
46 58 62 70 77 103 118 133 138 146 182 200 207 226 295 320 334 396 442 473 479 484 527 576 597 602 640 659 703 712 717 731 781 798 801 811 818
32
32
776
32
807
46 58 62 70 77 103 118 133 138 146 182 200 207 226 295 320 334 396 442 473 479 484 527 576 597 602 640 659 703 712 717 731 781 798 801 811 818
806
46 58 62 70 77 103 118 133 138 146 182 200 207 226 295 320 334 396 442 473 479 484 527 576 597 602 640 659 703 712 717 731 781 798 801 811 818
32
32
32
46 58 62 70 77 103 118 133 138 146 164 182 200 207 226 295 320 334 396 442 473 479 484 527 576 597 602 640 659 703 712 717 731 781 798 801 811 818
33
771
33
771
771
46 58 62 70 77 103 118 133 138 146 164 182 200 207 226 295 320 334 396 442 473 479 484 527 576 597 602 640 659 703 712 717 731 781 798 801 811 818
804
804
36
37
46 58 62 70 77 103 118 133 138 146 164 182 200 207 215 226 295 320 334 396 442 473 479 484 527 549 576 597 602 628 640 659 703 712 714 717 731 781 798 801 811 818
37
37
46 58 62 70 77 103 118 133 138 146 164 182 200 207 215 226 295 320 334 396 442 473 479 484 527 549 576 597 602 628 640 659 703 712 714 717 731 781 798 801 811 818
802
37
37
46 58 62 70 77 103 118 133 138 146 164 182 200 207 215 226 295 320 334 396 442 473 479 484 527 549 576 597 602 628 640 659 703 712 714 717 731 781 798 801 811 818
46 58 62 70 77 103 118 133 138 146 164 182 200 207 215 226 295 320 334 396 442 473 479 484 527 549 576 597 602 628 640 659 703 712 714 717 731 781 798 801 811 818
764
46 58 62 70 77 103 118 133 138 146 164 182 200 207 215 226 295 320 334 396 442 473 479 484 527 549 576 597 602 628 640 659 703 712 714 717 731 781 798 801 811 818
46 58 62 70 77 103 118 133 138 146 164 182 200 207 215 226 295 320 334 396 442 473 479 484 527 549 576 597 602 628 640 659 703 712 714 717 731 781 798 801 811 818
762
37
799
37
46 58 62 70 77 103 118 133 138 146 164 182 200 207 215 226 295 320 334 396 442 473 479 484 527 549 576 597 602 628 640 659 703 712 714 717 731 781 798 801 811 818
38
759
40
40 46 58 62 70 77 103 118 133 138 142 146 164 182 200 207 215 226 295 320 334 386 396 442 473 479 484 527 549 576 597 602 628 640 659 703 712 714 717 731 781 798 801 811 818
29 40 46 58 62 70 77 103 118 133 138 142 146 164 182 200 207 215 226 295 320 334 386 396 442 473 479 484 527 549 576 597 602 628 640 659 703 712 714 717 731 781 798 801 811 818
29 40 46 58 62 70 77 103 118 133 138 142 146 164 182 200 207 215 226 295 320 334 386 396 442 473 479 484 527 549 576 597 602 628 640 659 703 712 714 717 731 781 798 801 811 818
796
755
41
41
796
754
42
42
794
752
752
29 40 46 58 62 70 77 103 118 133 138 142 146 164 182 200 207 215 226 295 320 334 386 396 442 473 478 479 484 527 549 576 597 602 628 640 659 703 712 714 717 731 781 798 801 811 818
794
29 40 46 58 62 70 75 77 103 118 133 138 142 146 162 164 172 182 200 207 215 226 295 320 334 386 396 442 473 478 479 484 527 549 576 597 602 628 640 659 703 712 714 717 731 781 798 801 811 818
751
751
29 40 46 58 62 70 75 77 103 118 133 138 142 146 162 164 172 182 200 207 215 226 295 320 334 386 396 442 473 478 479 484 527 549 576 597 602 628 640 659 703 712 714 717 731 781 798 801 811 818
29 40 46 58 62 70 75 77 103 118 133 138 142 146 162 164 172 182 200 203 207 215 226 295 320 334 386 396 442 473 478 479 484 527 549 576 597 602 628 640 659 703 712 714 717 731 781 798 801 811 818
793
45
29 40 46 58 62 70 75 77 103 118 133 138 142 146 162 164 172 182 200 203 207 215 226 295 320 334 386 396 442 473 478 479 484 514 527 549 576 597 602 628 640 659 703 712 714 717 731 781 798 801 811 818
788
45
788
743
743
29 40 46 58 62 70 75 77 103 118 133 138 142 146 162 164 172 182 200 203 207 215 226 295 320 334 386 396 442 473 478 479 484 514 527 549 576 597 602 628 640 659 703 712 714 717 731 781 798 801 811 818
45
741
786
786
48
738
49
737
786
5 29 40 46 58 62 70 75 77 103 118 133 138 142 146 162 164 172 182 200 203 207 215 226 295 320 334 386 396 442 473 478 479 484 514 527 528 549 576 597 602 628 640 659 703 712 714 717 724 731 740 781 798 801 811 818
49
49
5 29 40 46 58 62 70 75 77 103 118 133 138 142 146 162 164 172 182 200 203 207 215 226 295 320 334 386 396 442 473 478 479 484 514 527 528 549 576 597 602 628 640 659 703 712 714 717 724 731 740 781 798 801 811 818
733
733
5 29 40 46 58 62 70 75 77 103 118 133 138 142 146 162 164 172 182 200 203 207 215 226 295 320 334 386 396 442 473 478 479 484 514 527 528 549 576 597 602 628 640 659 703 712 714 717 724 731 740 781 798 801 811 818
49
49
49
49
781
49
732
49
50
780
730
780
730
5 29 40 46 58 62 70 75 77 103 118 133 138 142 146 162 164 172 182 200 203 207 215 226 295 320 334 386 396 442 450 473 478 479 484 514 527 528 549 576 597 602 628 640 659 703 712 714 717 724 731 740 781 798 801 811 818
730
730
730
780
780
774
722
5 29 40 46 58 62 70 75 77 103 118 133 138 142 146 162 164 172 182 200 203 207 215 226 240 295 309 320 334 386 396 442 450 473 478 479 484 514 527 528 549 559 573 576 597 602 628 640 659 703 712 714 717 724 731 740 781 798 801 811 818 834
5 29 40 46 58 62 70 75 77 103 118 133 138 142 146 162 164 172 182 200 203 207 215 226 240 295 309 320 334 386 396 442 450 473 478 479 484 514 527 528 549 559 573 576 597 602 628 640 659 703 712 714 717 724 731 740 781 798 801 811 818 834
722
5 29 40 46 58 62 70 75 77 103 118 133 138 142 146 162 164 172 182 200 203 207 215 226 240 295 309 320 334 386 396 442 450 473 478 479 484 514 527 528 549 559 573 576 597 602 628 640 659 703 712 714 717 724 731 740 781 798 801 811 818 834
5 29 40 46 58 62 70 75 77 103 118 133 138 142 146 162 164 172 182 200 203 207 215 226 240 295 309 320 334 386 396 442 450 473 478 479 484 514 527 528 549 559 573 576 597 602 628 640 659 703 712 714 717 724 731 740 781 798 801 811 818 834
5 29 40 46 58 62 70 75 77 103 118 133 138 142 146 162 164 172 182 200 203 207 215 226 240 295 309 320 334 386 396 442 450 473 478 479 484 514 527 528 549 559 573 576 597 602 628 640 659 703 712 714 717 724 731 740 781 798 801 811 818 834
5 29 40 46 58 62 70 75 77 103 118 133 138 142 146 162 164 172 182 200 203 207 215 226 240 295 309 320 334 386 396 442 450 473 478 479 484 514 527 528 549 559 573 576 597 602 628 640 659 703 712 714 717 724 731 740 781 798 801 811 818 834
772
772
5 29 40 46 58 62 70 75 77 103 108 118 133 138 142 146 162 164 172 182 200 203 207 215 226 240 295 309 320 334 386 396 442 450 473 478 479 484 514 527 528 549 559 573 576 597 602 610 628 640 659 703 712 714 717 724 731 740 781 798 801 811 818 834
772
5 29 40 46 58 62 70 75 77 103 108 118 133 138 142 146 162 164 172 182 200 203 207 215 226 240 295 309 320 334 386 396 442 450 473 478 479 484 514 527 528 549 559 573 576 597 602 610 628 640 659 703 712 714 717 724 731 740 781 798 801 811 818 834
5 29 40 46 58 62 70 75 77 103 108 118 133 138 142 146 162 164 172 182 200 203 207 215 226 240 295 309 320 334 386 396 442 450 473 478 479 484 514 527 528 549 559 573 576 597 602 610 628 640 659 703 712 714 717 724 731 740 781 798 801 811 818 834
771
771
5 29 40 46 58 62 70 75 77 103 108 118 133 138 142 146 162 164 172 182 200 203 207 215 226 240 295 309 320 334 386 396 442 450 473 478 479 484 514 527 528 549 559 573 576 597 602 610 628 640 659 703 712 714 717 724 731 740 781 798 801 811 818 834
53
718
5 29 40 46 58 62 70 75 77 103 108 118 133 138 142 146 162 164 172 182 200 203 207 215 226 240 295 309 320 334 386 396 442 450 473 478 479 484 514 527 528 549 559 573 576 597 602 610 628 640 659 703 712 714 717 724 731 740 781 798 801 811 818 834
770
769
5 29 40 46 58 62 69 70 75 76 77 85 103 108 118 133 138 142 146 162 164 172 182 200 203 207 215 226 240 295 309 320 334 386 396 442 450 473 478 479 484 514 527 528 549 559 573 576 597 602 610 628 640 650 659 703 712 714 717 724 731 740 781 798 801 811 818 834
5 29 40 46 58 62 69 70 75 76 77 85 103 108 118 133 138 142 146 162 164 172 182 200 203 207 215 226 240 295 309 320 334 386 396 442 450 473 478 479 484 514 527 528 535 549 559 573 576 597 602 610 628 640 650 659 703 712 714 717 724 731 740 781 798 801 811 818 834
710
710
767
767
5 29 40 46 58 62 69 70 75 76 77 85 103 108 118 133 138 142 146 162 164 172 182 200 203 207 215 226 240 295 309 320 334 386 396 442 450 473 478 479 484 514 527 528 535 549 559 573 576 597 602 610 628 640 650 659 703 712 714 717 724 731 740 781 798 801 811 818 834
57
709
766
709
709
57
708
706
5 29 40 46 58 62 69 70 75 76 77 85 103 108 118 133 138 142 146 162 164 172 182 200 203 207 215 226 240 244 295 309 320 334 386 396 435 442 450 473 478 479 484 514 527 528 535 549 559 573 576 597 602 610 628 640 650 659 703 712 714 717 724 731 740 781 798 801 811 818 834
60
701
761
5 29 40 46 58 62 69 70 75 76 77 85 103 108 118 133 138 142 146 162 164 172 182 200 203 206 207 215 226 240 244 295 309 320 334 386 396 435 442 450 473 478 479 484 513 514 527 528 535 549 559 573 576 597 602 610 628 640 650 659 703 712 714 717 724 731 740 781 798 801 811 818 834
5 29 40 46 58 62 69 70 75 76 77 85 103 108 118 133 138 142 146 162 164 172 182 200 203 206 207 215 226 240 244 295 309 320 334 386 396 435 442 450 473 478 479 484 513 514 527 528 535 549 559 573 576 597 602 610 628 640 650 659 703 712 714 717 724 731 740 781 798 801 811 818 834
5 29 40 46 58 62 69 70 75 76 77 85 103 108 118 133 138 142 146 162 164 172 182 200 203 206 207 215 226 240 244 295 309 320 334 386 396 435 442 450 473 478 479 484 513 514 527 528 535 549 559 573 576 597 602 610 628 640 650 659 703 712 714 717 724 731 740 781 798 801 811 818 834
5 29 40 46 58 62 69 70 75 76 77 85 103 108 118 133 138 142 146 162 164 172 182 200 203 206 207 215 226 240 244 295 309 320 334 386 396 435 442 450 473 478 479 484 513 514 527 528 535 549 559 573 576 597 602 610 628 640 650 659 703 712 714 717 724 731 740 781 798 801 811 818 834
761
700
700
700
761
761
699
5 29 40 46 58 62 69 70 75 76 77 85 103 108 118 133 138 142 146 162 164 172 182 200 203 206 207 215 226 240 244 295 309 316 320 334 386 396 400 435 442 450 473 478 479 484 513 514 527 528 535 549 559 573 576 597 602 610 628 640 650 659 703 712 714 717 724 731 740 781 798 801 811 818 834
697
63
5 29 40 46 58 62 69 70 75 76 77 85 103 108 118 133 138 142 146 162 164 172 182 200 203 206 207 215 226 240 244 295 309 316 320 334 386 396 400 435 442 450 473 478 479 484 513 514 527 528 535 549 559 573 576 597 602 610 628 640 650 659 703 712 714 717 724 731 740 781 798 801 811 818 834
63
696
758
63
5 29 40 46 58 62 69 70 75 76 77 85 103 108 118 133 138 142 146 162 164 172 182 200 203 206 207 215 226 240 244 295 309 316 320 334 386 396 400 435 442 450 473 478 479 484 513 514 527 528 535 549 559 573 576 597 602 610 628 640 650 659 703 712 714 717 724 731 740 781 798 801 811 818 834
694
758
65
757
5 29 40 46 58 62 69 70 75 76 77 83 85 103 108 111 118 133 138 142 146 162 164 172 182 200 203 206 207 215 226 240 244 295 309 316 320 334 386 396 400 435 442 450 473 478 479 484 513 514 527 528 535 549 559 573 576 597 602 610 628 640 650 659 685 703 712 714 717 724 731 740 781 798 801 811 818 834
690
755
5 29 40 46 58 62 69 70 75 76 77 83 85 103 108 111 118 133 138 142 146 162 164 172 182 200 203 206 207 215 226 240 244 295 309 316 320 334 386 396 400 435 442 450 473 478 479 484 513 514 527 528 535 549 559 573 576 597 602 610 628 640 650 659 685 703 712 714 717 724 731 740 781 798 801 811 818 834
5 16 29 40 46 58 62 69 70 75 76 77 83 85 103 108 111 118 133 138 142 146 162 164 172 182 200 203 206 207 215 226 240 244 295 309 316 320 334 386 396 400 435 442 450 473 478 479 484 513 514 527 528 535 549 559 573 576 597 602 610 628 640 650 659 685 703 712 714 717 724 731 740 781 798 801 811 818 834
688
65
753
5 16 29 40 46 58 62 69 70 75 76 77 83 85 103 108 111 118 133 138 142 146 162 164 172 182 200 203 206 207 215 226 240 244 295 309 316 320 334 386 396 400 435 442 450 473 478 479 484 513 514 527 528 535 549 559 573 576 597 602 610 628 640 650 659 685 703 712 714 717 724 731 740 781 798 801 811 818 834
753
65
65
684
68
68
5 16 29 40 46 58 62 69 70 75 76 77 83 85 103 108 111 118 129 133 138 142 146 152 162 164 172 182 200 203 206 207 213 215 226 240 244 273 295 309 316 320 334 386 396 400 407 435 442 450 473 478 479 484 513 514 524 527 528 535 549 559 573 576 597 602 610 628 640 650 659 685 703 712 714 717 719 724 731 740 781 798 801 811 818 834
5 16 29 40 46 58 62 69 70 75 76 77 83 85 103 108 111 118 129 133 138 142 146 152 162 164 172 182 200 203 206 207 213 215 226 240 244 273 295 309 316 320 334 386 396 400 407 435 442 450 473 478 479 484 513 514 524 527 528 535 549 559 573 576 597 602 610 628 640 650 659 685 703 712 714 717 719 724 731 740 781 798 801 811 818 834
680
680
70
750
749
749
5 16 29 40 46 58 62 69 70 75 76 77 83 85 103 108 111 118 129 133 138 142 146 152 162 164 172 182 200 203 206 207 213 215 226 240 244 273 295 305 309 316 320 334 386 396 400 407 421 435 442 450 473 478 479 484 513 514 524 527 528 535 549 559 573 576 593 597 602 610 628 640 650 659 685 689 703 712 714 717 719 724 731 740 781 798 801 811 818 828 834
5 16 29 34 40 46 58 62 69 70 75 76 77 83 85 103 108 111 118 129 133 138 142 146 152 162 164 172 182 200 203 206 207 213 215 226 240 244 273 295 305 309 316 320 334 386 396 400 407 421 435 442 450 473 478 479 484 513 514 524 527 528 535 549 559 573 576 593 597 602 610 628 640 650 659 685 689 703 709 712 714 717 719 724 731 740 775 781 798 801 811 818 828 834
79
669
80
746
745
5 16 29 34 40 46 58 62 69 70 75 76 77 83 85 103 108 111 118 129 133 138 142 146 152 162 164 172 182 197 200 203 206 207 213 215 226 240 244 261 263 273 295 305 308 309 316 320 334 386 396 400 407 421 435 442 450 473 478 479 484 513 514 524 527 528 535 538 549 559 573 576 593 597 602 610 628 640 650 659 685 689 703 709 712 714 717 719 724 731 740 775 781 798 801 811 818 828 834
81
745
81
742
657
5 16 29 34 40 46 58 62 69 70 75 76 77 83 85 103 108 111 118 129 133 138 142 146 152 162 164 170 172 182 197 200 203 206 207 213 215 226 236 240 244 261 263 273 295 305 308 309 316 320 334 356 386 396 400 407 421 435 442 450 473 478 479 484 513 514 524 527 528 535 538 549 559 573 576 593 597 602 610 628 640 650 659 685 689 703 709 712 714 717 719 724 728 731 740 775 781 798 801 811 818 828 834
85
653
738
653
85
85
737
88
648
647
90
737
737
737
737
647
5 16 29 34 40 46 58 62 69 70 75 76 77 83 85 96 100 103 108 111 118 122 129 133 138 142 146 152 156 162 164 170 172 182 197 200 203 206 207 213 215 226 236 240 244 261 263 273 295 305 308 309 316 320 334 356 386 396 400 407 421 435 442 450 473 478 479 484 505 513 514 524 527 528 530 535 538 549 559 572 573 576 577 593 597 602 610 620 628 640 650 659 685 689 703 709 712 714 717 719 724 728 731 740 775 781 790 798 801 811 818 828 834
90
5 16 29 34 40 46 58 62 69 70 75 76 77 83 85 96 100 103 108 111 118 122 129 133 138 142 146 152 156 162 164 170 172 182 197 200 203 206 207 213 215 226 236 240 244 261 263 273 295 305 308 309 316 320 334 356 386 396 400 407 421 435 442 450 473 478 479 484 505 513 514 524 527 528 530 535 538 549 559 572 573 576 577 593 597 602 610 620 628 640 650 659 685 689 703 709 712 714 717 719 724 728 731 740 775 781 790 798 801 811 818 828 834
90
646
646
90
90
736
643
92
92
5 16 29 34 40 46 58 62 69 70 75 76 77 83 85 96 100 103 108 111 118 122 129 133 138 142 146 152 156 162 164 170 172 182 197 200 203 206 207 213 215 226 236 240 244 261 263 273 295 305 308 309 316 320 334 346 356 357 386 396 400 407 421 435 442 450 473 478 479 484 505 513 514 524 527 528 530 535 538 549 552 559 572 573 576 577 593 597 602 610 620 621 628 640 650 657 659 685 689 703 709 712 714 717 719 724 728 731 740 775 781 784 790 798 801 811 818 828 830 834
5 16 29 34 40 46 58 62 69 70 75 76 77 83 85 96 100 103 108 111 118 122 129 133 138 142 146 152 156 162 164 170 172 182 197 200 203 206 207 213 215 226 236 240 244 261 263 273 295 305 308 309 316 320 334 346 356 357 386 396 400 407 421 435 442 450 473 478 479 484 505 513 514 524 527 528 530 535 538 549 552 559 572 573 576 577 593 597 602 610 620 621 628 640 650 657 659 685 689 703 709 712 714 717 719 724 728 731 740 775 781 784 790 798 801 811 818 828 830 834 849
640
5 16 29 34 40 46 58 62 69 70 75 76 77 83 85 96 100 103 108 111 118 122 129 133 138 142 146 152 156 162 164 170 172 182 197 200 203 206 207 213 215 226 236 240 244 261 263 273 295 305 308 309 316 320 334 346 356 357 386 396 400 407 421 435 442 450 473 478 479 484 505 513 514 524 527 528 530 535 538 549 552 559 572 573 576 577 593 597 602 610 620 621 628 640 650 657 659 685 689 703 709 712 714 717 719 724 728 731 740 775 781 784 790 798 801 811 818 828 830 834 849
5 16 29 34 40 46 58 62 69 70 75 76 77 83 85 96 100 103 108 111 118 122 129 133 138 142 146 152 156 162 164 170 172 182 197 200 203 206 207 213 215 226 236 240 244 261 263 273 295 305 308 309 316 320 334 346 356 357 386 396 400 407 421 435 442 450 473 478 479 484 505 513 514 524 527 528 530 535 538 549 552 559 572 573 576 577 593 597 602 610 620 621 628 640 650 657 659 685 689 703 709 712 714 717 719 724 728 731 740 775 781 784 790 798 801 811 818 828 830 834 849
96
5 16 29 34 40 46 58 62 69 70 75 76 77 83 85 96 100 103 108 111 114 118 122 129 133 138 142 146 152 156 162 164 170 172 182 188 197 200 203 206 207 213 215 226 236 240 244 257 261 263 273 295 305 308 309 316 320 334 346 356 357 386 396 400 407 421 435 442 450 473 478 479 484 505 513 514 524 527 528 530 535 538 549 552 559 572 573 576 577 593 597 602 610 620 621 628 640 650 657 659 685 689 703 709 712 714 717 719 724 728 731 740 775 781 784 790 798 801 811 818 828 830 834 849
96
5 16 29 34 40 46 58 62 69 70 75 76 77 83 85 96 100 103 108 111 114 118 122 129 133 138 142 146 152 156 162 164 170 172 182 188 197 200 203 206 207 213 215 226 236 240 244 257 261 263 273 295 305 308 309 316 320 334 346 356 357 386 396 400 407 421 435 442 450 473 478 479 484 505 513 514 524 527 528 530 535 538 549 552 559 572 573 576 577 593 597 602 610 620 621 628 640 650 657 659 685 689 703 709 712 714 717 719 724 728 731 740 775 781 784 790 798 801 811 818 828 830 834 849
5 16 29 34 40 46 58 62 69 70 75 76 77 83 85 96 100 103 108 111 114 118 122 129 133 138 142 146 152 156 162 164 170 172 182 188 197 200 203 206 207 213 215 226 236 240 244 257 261 263 273 295 305 308 309 316 320 334 346 356 357 386 396 400 407 421 435 442 450 473 478 479 484 505 513 514 524 527 528 530 535 538 549 552 559 572 573 576 577 593 597 602 610 620 621 628 640 650 657 659 685 689 703 709 712 714 717 719 724 728 731 740 775 781 784 790 798 801 811 818 828 830 834 849
96
96
632
5 16 29 34 40 46 58 62 69 70 75 76 77 83 85 96 100 103 108 111 114 118 122 129 133 138 142 146 152 156 162 164 170 172 182 188 197 200 203 206 207 213 215 226 236 240 244 257 261 263 273 295 305 308 309 316 320 334 346 356 357 386 396 400 407 421 435 442 450 473 478 479 484 505 513 514 524 527 528 530 535 538 549 552 559 572 573 576 577 593 597 602 610 620 621 628 640 650 657 659 685 689 703 709 712 714 717 719 724 728 731 740 775 781 784 790 798 801 811 818 828 830 834 849
5 16 29 34 40 46 58 62 69 70 75 76 77 83 85 96 100 103 108 111 114 118 122 129 133 138 142 146 152 156 162 164 170 172 182 188 197 200 203 206 207 213 215 226 236 240 244 257 261 263 273 295 305 308 309 316 320 334 346 356 357 386 396 400 407 421 435 442 450 473 478 479 484 505 513 514 524 527 528 530 535 538 549 552 559 572 573 576 577 593 597 602 610 620 621 628 640 650 657 659 685 689 703 709 712 714 717 719 724 728 731 740 775 781 784 790 798 801 811 818 828 830 834 849
728
5 16 29 34 40 46 58 62 69 70 75 76 77 83 85 96 100 103 108 111 114 118 122 129 133 138 142 146 152 156 162 164 170 172 182 188 197 200 203 206 207 213 215 226 236 240 244 257 261 263 273 295 305 308 309 316 320 334 346 356 357 386 396 400 407 421 435 442 450 473 478 479 484 505 513 514 524 527 528 530 535 538 549 552 559 572 573 576 577 593 597 602 610 620 621 628 640 650 657 659 685 689 703 709 712 714 717 719 724 728 731 740 775 781 784 790 798 801 811 818 828 830 834 849
96
726
726
629
96
5 16 29 34 40 46 58 62 69 70 75 76 77 83 85 96 100 103 108 111 114 118 122 129 133 138 142 146 147 152 156 162 164 170 172 182 188 197 200 203 206 207 213 215 226 236 240 244 257 261 263 273 295 305 308 309 316 320 334 346 356 357 386 396 400 407 414 421 435 442 450 473 478 479 484 505 513 514 524 527 528 530 535 538 549 552 559 572 573 576 577 593 597 602 610 620 621 628 640 650 657 659 685 689 703 709 712 714 717 719 724 728 731 740 775 781 784 790 798 801 811 818 828 830 834 849
96
724
628
96
5 16 29 34 40 46 58 62 69 70 75 76 77 83 85 96 100 103 108 111 114 118 122 129 133 138 142 146 147 152 156 162 164 170 172 182 188 197 200 203 206 207 213 215 226 236 240 244 257 261 263 273 295 305 308 309 316 320 334 346 356 357 386 396 400 407 414 421 435 442 450 473 478 479 484 505 513 514 524 527 528 530 535 538 549 552 559 572 573 576 577 593 597 602 610 620 621 628 640 650 657 659 685 689 703 709 712 714 717 719 724 728 731 740 775 781 784 790 798 801 811 818 828 830 834 849
628
96
628
724
5 16 29 34 40 46 58 62 69 70 75 76 77 83 85 96 100 103 108 111 114 118 122 129 133 138 142 146 147 152 156 162 164 170 172 182 188 197 200 203 206 207 213 215 226 236 240 244 257 261 263 273 295 305 308 309 316 320 334 346 356 357 386 396 400 407 414 421 435 442 450 473 478 479 484 505 513 514 524 527 528 530 535 538 549 552 559 572 573 576 577 593 597 602 610 620 621 628 640 650 657 659 685 689 703 709 712 714 717 719 724 728 731 740 775 781 784 790 798 801 811 818 828 830 834 849
5 16 29 34 40 46 58 62 69 70 75 76 77 83 85 96 100 103 108 111 114 118 122 129 133 138 142 146 147 152 156 162 164 170 172 182 188 197 200 203 206 207 213 215 226 236 240 244 257 261 263 273 295 305 308 309 316 320 334 346 356 357 386 396 400 407 414 421 435 442 450 473 478 479 484 505 513 514 524 527 528 530 535 538 549 552 559 572 573 576 577 593 597 602 610 620 621 628 640 650 657 659 685 689 703 709 712 714 717 719 724 728 731 740 775 781 784 790 798 801 811 818 828 830 834 849
96
96
724
627
627
5 16 29 34 40 46 58 62 69 70 75 76 77 83 85 96 100 103 108 111 114 118 122 129 133 138 142 146 147 152 156 162 164 170 172 182 188 197 200 203 206 207 213 215 226 236 240 244 257 261 263 273 295 305 308 309 316 320 334 346 356 357 386 396 400 407 414 421 435 442 450 473 478 479 484 505 513 514 524 527 528 530 535 538 549 552 559 572 573 576 577 593 597 602 610 620 621 628 640 650 657 659 685 689 703 709 712 714 717 719 724 728 731 740 775 781 784 790 798 801 811 818 828 830 834 849
723
5 16 29 34 40 46 58 62 69 70 75 76 77 83 85 96 100 103 108 111 114 118 122 129 133 138 142 146 147 152 156 162 164 170 172 182 188 197 200 203 206 207 213 215 226 236 240 244 257 261 263 273 295 305 308 309 316 320 334 346 356 357 386 396 400 407 414 421 435 442 450 473 478 479 484 505 513 514 524 527 528 530 535 538 549 552 559 572 573 576 577 593 597 602 610 620 621 628 640 650 657 659 685 689 703 709 712 714 717 719 724 728 731 740 775 781 784 790 798 801 811 818 828 830 834 849
96
96
5 16 29 34 40 46 58 62 69 70 75 76 77 83 85 96 100 103 108 111 114 118 122 129 133 138 142 146 147 152 156 162 164 170 172 182 188 197 200 203 206 207 213 215 226 236 240 244 257 261 263 273 295 305 308 309 316 320 334 346 356 357 386 396 400 407 414 421 435 442 450 473 478 479 484 505 513 514 524 527 528 530 535 538 549 552 559 572 573 576 577 593 597 602 610 620 621 628 640 650 657 659 685 689 703 709 712 714 717 719 724 728 731 740 775 781 784 790 798 801 811 818 828 830 834 849
5 16 29 34 40 46 58 62 69 70 75 76 77 83 85 96 100 103 108 111 114 118 122 129 133 138 142 146 147 152 156 162 164 170 172 182 188 197 200 203 206 207 213 215 226 236 240 244 257 261 263 273 295 305 308 309 316 320 334 346 356 357 386 396 400 407 414 421 435 442 450 473 478 479 484 505 513 514 524 527 528 530 535 538 549 552 559 572 573 576 577 593 597 602 610 620 621 628 640 650 657 659 685 689 703 709 712 714 717 719 724 728 731 740 775 781 784 790 798 801 811 818 828 830 834 849
721
721
624
721
5 16 29 34 40 46 58 62 69 70 75 76 77 83 85 96 100 103 108 111 114 118 122 129 133 138 142 146 147 152 156 162 164 170 172 182 188 197 200 203 206 207 213 215 226 236 240 244 257 261 263 273 295 305 308 309 316 320 334 346 356 357 386 396 400 407 414 421 435 442 450 473 476 478 479 484 505 513 514 524 527 528 530 535 538 549 552 559 572 573 576 577 593 597 602 610 620 621 628 640 650 657 659 685 689 703 709 712 714 717 719 724 728 731 740 775 781 784 790 798 801 811 818 828 830 834 849
97
5 16 29 34 40 46 58 62 69 70 75 76 77 83 85 96 100 103 108 111 114 118 122 129 133 138 142 146 147 152 156 162 164 170 172 182 188 197 200 203 206 207 213 215 226 236 240 244 257 261 263 273 295 305 308 309 316 320 334 346 356 357 371 386 396 400 407 414 421 435 442 450 473 476 478 479 484 505 513 514 524 527 528 530 535 538 549 552 559 572 573 576 577 593 597 602 610 620 621 628 640 650 657 659 685 689 703 709 712 714 717 719 724 728 731 740 775 781 784 790 798 801 811 818 828 830 834 849
98
622
98
5 16 29 34 40 46 58 62 69 70 75 76 77 83 85 96 100 103 108 111 114 118 122 129 133 138 142 146 147 152 156 162 164 170 172 182 188 197 200 203 206 207 213 215 226 236 240 244 257 261 263 273 295 305 308 309 316 320 334 346 356 357 371 386 389 396 400 407 414 421 435 442 450 473 476 478 479 484 505 513 514 524 527 528 530 535 538 549 552 559 572 573 576 577 593 597 602 610 620 621 628 640 650 657 659 685 689 703 709 712 714 717 719 724 728 731 740 775 781 784 790 798 801 811 818 828 830 834 849
5 16 29 34 40 46 58 62 69 70 75 76 77 83 85 96 100 103 108 111 114 118 122 129 133 138 142 146 147 152 156 162 164 170 172 182 188 197 200 203 206 207 213 215 226 236 240 244 257 261 263 273 295 305 308 309 316 320 334 346 356 357 371 386 389 396 400 407 414 421 435 442 449 450 473 476 478 479 484 505 513 514 524 527 528 530 535 538 549 552 559 572 573 576 577 593 597 602 610 620 621 628 640 650 657 659 685 689 703 709 712 714 717 719 724 728 731 740 775 781 784 790 798 801 811 818 828 830 834 849
619
617
5 16 29 34 40 46 58 62 69 70 75 76 77 83 85 96 100 103 108 111 114 118 122 129 133 138 142 146 147 152 156 162 164 170 172 182 188 197 200 203 206 207 213 215 226 236 240 244 257 261 263 273 295 305 308 309 316 320 334 346 356 357 371 386 389 396 400 407 414 421 435 442 449 450 473 476 478 479 484 505 513 514 524 527 528 530 535 538 549 552 559 572 573 576 577 593 597 602 610 620 621 628 640 650 657 659 685 689 703 709 712 714 717 719 724 728 731 740 775 781 784 790 798 801 811 818 828 830 834 849
5 16 29 34 40 46 58 62 69 70 75 76 77 83 85 96 100 103 108 111 114 118 122 129 133 138 142 146 147 152 156 162 164 170 172 182 188 197 200 203 206 207 213 215 226 236 240 244 257 261 263 273 295 305 308 309 316 320 334 346 356 357 371 386 389 396 400 407 414 421 435 442 449 450 473 476 478 479 484 505 513 514 524 527 528 530 535 538 549 552 559 572 573 576 577 593 597 602 610 620 621 628 640 650 657 659 685 689 703 709 712 714 717 719 724 728 731 740 775 781 784 790 798 801 811 818 828 830 834 849
100
716
716
100
616
102
716
614
614
614
5 16 29 34 40 46 58 62 69 70 75 76 77 83 85 96 97 100 103 108 111 114 118 122 129 130 133 138 142 146 147 152 156 162 164 170 172 182 188 197 200 203 206 207 213 215 226 236 240 244 257 261 263 273 295 305 308 309 316 320 334 346 356 357 371 386 389 396 400 407 414 421 435 442 449 450 473 476 478 479 484 505 513 514 524 527 528 530 535 538 549 552 559 572 573 576 577 593 597 602 610 620 621 628 640 650 657 659 677 685 689 703 709 712 714 717 719 724 728 731 740 775 781 784 790 798 801 811 818 828 830 834 849
613
5 16 29 34 40 46 58 62 69 70 75 76 77 83 85 96 97 100 103 108 111 114 118 122 129 130 133 138 142 146 147 152 156 162 164 170 172 182 188 197 200 203 206 207 213 215 226 236 240 244 257 261 263 273 295 305 308 309 316 320 334 346 356 357 371 386 389 396 400 407 414 418 421 435 442 449 450 473 476 478 479 484 505 513 514 524 527 528 530 535 538 549 552 559 572 573 576 577 593 597 602 610 620 621 628 640 650 657 659 677 685 689 703 709 712 714 717 719 724 728 731 740 775 781 784 790 798 801 811 818 828 830 834 849
102
612
104
714
104
610
610
5 16 29 34 40 46 58 62 69 70 75 76 77 83 85 96 97 100 103 108 111 114 118 122 129 130 133 138 142 146 147 152 156 162 164 170 172 182 188 197 200 203 206 207 213 215 226 236 240 244 257 261 263 273 295 304 305 308 309 316 320 331 334 346 356 357 371 386 389 396 400 407 414 418 421 435 442 449 450 473 476 478 479 484 505 513 514 524 527 528 530 535 538 549 552 559 572 573 576 577 593 597 602 610 620 621 628 640 650 657 659 677 685 689 703 709 712 714 717 719 724 728 731 740 775 781 784 790 798 801 811 818 828 830 834 849
104
714
714
713
104
104
609
105
713
713
713
5 16 29 34 40 46 58 62 69 70 75 76 77 83 85 96 97 100 103 108 111 114 118 122 129 130 133 138 142 146 147 152 156 162 164 170 172 182 188 197 200 203 206 207 213 215 221 226 236 240 244 257 261 263 273 295 304 305 308 309 312 316 320 331 334 346 356 357 371 386 389 396 400 407 414 418 421 435 442 449 450 473 476 478 479 484 505 513 514 524 527 528 530 535 538 549 552 559 572 573 576 577 593 597 602 610 620 621 628 640 650 657 659 677 685 689 703 709 712 714 717 719 724 728 731 740 775 781 784 790 798 801 811 818 828 830 834 849
5 16 29 34 40 46 58 62 69 70 75 76 77 83 85 96 97 100 103 108 111 114 118 122 129 130 133 138 142 146 147 152 156 162 164 170 172 182 188 197 200 203 206 207 213 215 221 226 236 240 244 257 261 263 273 295 304 305 308 309 312 316 320 331 334 346 356 357 371 386 389 396 400 407 414 418 421 435 442 449 450 473 476 478 479 484 505 513 514 524 527 528 530 535 538 549 552 559 572 573 576 577 593 597 602 610 620 621 628 640 650 657 659 677 685 689 703 709 712 714 717 719 724 728 731 740 775 781 784 790 798 801 811 818 828 830 834 849
5 16 29 34 40 46 58 62 69 70 75 76 77 83 85 96 97 100 103 108 111 114 118 122 129 130 133 138 142 146 147 152 156 162 164 170 172 182 188 197 200 203 206 207 213 215 221 226 236 240 243 244 257 261 263 273 295 304 305 308 309 312 316 320 331 334 346 356 357 371 386 389 396 400 407 414 418 421 435 442 449 450 452 473 476 478 479 484 505 513 514 524 527 528 530 535 538 549 552 559 572 573 576 577 593 597 602 610 620 621 628 640 650 657 659 677 685 689 703 709 712 714 717 719 724 728 731 740 775 781 784 790 798 801 811 818 828 830 834 849
105
105
105
105
605
5 16 29 34 40 46 58 62 69 70 75 76 77 83 85 96 97 100 103 108 111 114 118 122 129 130 133 138 142 146 147 152 156 162 164 170 172 182 188 197 200 203 206 207 213 215 221 226 236 240 243 244 257 261 263 273 295 304 305 308 309 312 316 320 331 334 346 356 357 371 386 389 396 400 407 414 418 421 435 442 449 450 452 473 476 478 479 484 505 513 514 524 527 528 530 535 538 549 552 559 572 573 576 577 593 597 602 610 620 621 628 640 650 657 659 677 685 689 703 709 712 714 717 719 724 728 731 740 775 781 784 790 798 801 811 818 828 830 834 849
708
603
5 16 29 34 40 46 58 62 69 70 75 76 77 83 85 96 97 100 103 108 111 114 118 122 129 130 133 138 142 146 147 152 155 156 162 164 170 172 182 188 191 197 200 203 206 207 213 215 221 226 236 240 243 244 257 261 263 273 295 304 305 308 309 312 316 320 331 334 346 356 357 371 386 389 396 400 407 414 417 418 421 435 442 449 450 452 466 473 476 478 479 484 505 513 514 524 527 528 530 535 538 546 549 552 559 572 573 576 577 593 597 602 610 620 621 628 640 650 657 659 677 685 689 703 709 712 714 717 719 724 728 730 731 740 775 781 784 790 798 801 810 811 818 828 830 834 849
106
708
5 16 29 34 40 46 58 62 69 70 75 76 77 83 85 96 97 100 103 108 111 114 118 122 129 130 133 138 142 146 147 152 155 156 162 164 170 172 182 188 191 197 200 203 206 207 213 215 221 226 236 240 243 244 257 261 263 273 295 304 305 308 309 312 316 320 331 334 346 356 357 371 386 389 396 400 407 414 417 418 421 435 442 449 450 452 466 473 476 478 479 484 505 513 514 524 527 528 530 535 538 546 549 552 559 572 573 576 577 593 597 602 610 620 621 628 640 650 657 659 677 685 689 703 709 712 714 717 719 724 728 730 731 740 775 781 784 790 798 801 810 811 818 828 830 834 849
601
707
106
5 16 29 34 40 46 58 62 69 70 75 76 77 83 85 96 97 100 103 108 111 114 118 122 129 130 133 138 142 146 147 152 155 156 162 164 170 172 182 188 191 197 200 203 206 207 213 215 221 226 236 240 243 244 257 261 263 273 295 304 305 308 309 312 316 320 331 334 346 356 357 371 386 389 396 400 407 414 417 418 421 435 442 449 450 452 466 473 476 478 479 484 505 513 514 524 527 528 530 535 538 546 549 552 559 572 573 576 577 593 597 602 610 620 621 628 640 650 657 659 677 685 689 703 709 712 714 717 719 724 728 730 731 740 775 781 784 790 798 801 810 811 818 828 830 834 849
601
5 16 29 34 40 46 58 62 69 70 75 76 77 83 85 91 96 97 100 103 108 111 114 118 122 129 130 133 138 142 146 147 152 155 156 162 164 170 172 182 188 191 197 200 203 206 207 213 215 221 226 236 240 243 244 257 261 263 273 295 304 305 308 309 312 316 320 331 334 344 346 356 357 371 380 386 389 396 400 407 414 417 418 421 435 442 449 450 452 466 473 476 478 479 484 505 513 514 524 527 528 530 535 538 546 549 552 559 572 573 576 577 593 597 602 610 620 621 628 640 650 657 659 677 685 689 703 709 712 714 717 719 724 728 730 731 740 768 775 781 784 790 798 801 810 811 818 828 830 834 849
598
705
5 16 29 34 40 46 58 62 69 70 75 76 77 83 85 91 96 97 100 103 108 111 114 118 122 129 130 133 138 142 146 147 152 155 156 162 164 170 172 182 188 191 197 200 203 206 207 213 215 221 226 236 240 243 244 257 261 263 273 295 304 305 308 309 312 316 320 331 334 344 346 356 357 371 380 386 389 396 400 407 414 417 418 421 435 442 449 450 452 466 473 476 478 479 484 505 513 514 524 527 528 530 535 538 546 549 552 559 572 573 576 577 593 597 602 604 610 620 621 628 640 650 657 659 677 685 689 703 709 712 714 717 719 724 728 730 731 740 768 775 781 784 790 798 801 810 811 818 828 830 834 849
596
108
704
108
108
108
702
594
702
592
110
590
700
590
5 16 29 34 36 40 46 58 62 69 70 75 76 77 83 85 91 96 97 100 103 108 111 114 118 122 129 130 133 138 142 146 147 152 155 156 162 164 170 172 182 188 191 197 200 203 206 207 213 215 221 226 236 240 243 244 257 261 263 273 295 304 305 308 309 312 316 320 331 334 344 346 356 357 371 380 382 386 389 396 400 407 414 417 418 421 435 442 449 450 452 466 473 476 478 479 484 505 513 514 522 524 527 528 530 535 538 546 549 552 559 572 573 576 577 593 597 602 604 610 620 621 628 640 650 657 659 677 685 689 703 709 712 714 717 719 724 728 730 731 740 768 774 775 781 784 790 798 801 810 811 818 828 830 834 849
590
700
700
700
700
5 16 29 34 36 40 46 58 62 69 70 75 76 77 83 85 91 96 97 100 103 108 111 114 118 122 129 130 133 138 142 146 147 152 155 156 162 164 170 172 182 188 191 197 200 203 206 207 213 215 221 226 236 240 243 244 257 261 263 273 295 304 305 308 309 312 316 320 331 334 344 346 356 357 371 380 382 386 389 396 400 407 414 417 418 421 435 442 449 450 452 466 473 476 478 479 484 505 513 514 522 524 527 528 530 535 538 546 549 552 559 572 573 576 577 593 597 602 604 610 620 621 625 628 640 650 657 659 677 685 689 703 709 712 714 717 719 724 728 730 731 740 768 774 775 781 784 790 798 801 810 811 818 828 830 834 849
111
700
589
5 16 29 34 36 40 46 58 62 69 70 75 76 77 83 85 91 96 97 100 103 108 111 114 118 122 129 130 133 138 142 146 147 152 155 156 162 164 170 172 182 188 191 197 200 203 206 207 213 215 221 226 236 240 243 244 257 261 263 273 295 304 305 308 309 312 316 320 331 334 344 346 356 357 371 380 382 386 389 396 400 407 414 417 418 421 435 442 449 450 452 466 473 476 478 479 484 505 513 514 522 524 527 528 530 535 538 546 549 552 559 572 573 576 577 593 597 602 604 610 620 621 625 628 640 650 657 659 677 685 689 703 709 712 714 717 719 724 728 730 731 740 768 774 775 781 784 790 798 801 810 811 818 828 830 834 849
700
700
587
700
700
5 16 29 34 36 40 46 58 62 69 70 74 75 76 77 83 85 91 96 97 100 103 108 111 114 118 122 129 130 133 138 142 146 147 152 155 156 162 164 170 172 182 188 191 197 200 203 206 207 213 215 221 226 236 238 240 243 244 257 261 263 273 295 304 305 308 309 312 316 320 331 334 344 346 356 357 371 380 382 386 389 396 400 407 414 417 418 421 435 442 449 450 452 466 473 476 478 479 484 505 513 514 522 524 527 528 530 535 538 546 549 552 559 572 573 576 577 586 593 597 602 604 610 620 621 625 628 640 650 657 659 677 685 689 703 709 712 714 717 719 724 728 730 731 740 768 774 775 781 784 790 798 801 810 811 818 828 830 834 849
583
5 16 29 34 36 40 46 58 62 69 70 74 75 76 77 83 85 91 96 97 100 103 108 111 114 118 122 129 130 133 138 142 146 147 152 155 156 162 164 170 172 182 188 191 197 200 203 206 207 213 215 221 226 236 238 240 243 244 257 261 263 273 295 304 305 308 309 312 316 318 320 331 334 344 346 356 357 371 380 382 386 389 396 400 407 414 417 418 421 435 442 449 450 452 466 473 476 478 479 484 505 513 514 522 524 527 528 530 535 538 546 549 552 559 572 573 576 577 586 593 597 602 604 610 620 621 625 628 640 650 657 659 675 677 685 689 703 709 712 714 717 719 724 728 730 731 740 768 774 775 781 784 790 798 801 810 811 818 828 830 834 847 849
5 16 29 34 36 40 46 58 62 69 70 74 75 76 77 83 85 91 96 97 100 103 108 111 114 118 122 129 130 133 138 142 146 147 152 155 156 162 164 170 172 182 188 191 197 200 203 206 207 213 215 221 226 236 238 240 243 244 257 261 263 273 295 304 305 308 309 312 316 318 320 331 334 344 346 356 357 371 380 382 386 389 396 400 407 414 417 418 421 435 442 449 450 452 466 473 476 478 479 484 505 513 514 522 524 527 528 530 535 538 546 549 552 559 572 573 576 577 586 593 597 602 604 610 620 621 625 628 640 650 657 659 675 677 685 689 703 709 712 714 717 719 724 728 730 731 740 768 774 775 781 784 790 798 801 810 811 818 828 830 834 847 849
697
578
5 16 29 34 36 40 46 58 62 69 70 74 75 76 77 83 85 91 96 97 100 103 108 111 114 118 122 129 130 133 134 138 142 146 147 152 155 156 162 164 170 172 182 188 191 197 200 202 203 206 207 213 215 221 226 236 238 240 243 244 257 261 263 273 295 304 305 307 308 309 312 316 318 320 331 334 344 346 356 357 371 380 382 386 389 396 400 407 414 417 418 421 435 442 449 450 452 466 473 476 478 479 484 505 513 514 522 524 527 528 530 535 538 546 549 552 559 572 573 576 577 586 593 597 602 604 610 620 621 625 628 640 650 657 659 675 677 685 689 703 709 712 714 717 719 724 728 730 731 740 768 774 775 781 784 790 798 801 810 811 818 828 830 834 847 849
578
119
119
696
575
695
574
695
695
573
5 16 29 34 36 40 46 58 62 69 70 74 75 76 77 83 85 91 96 97 100 103 108 111 114 118 122 129 130 133 134 138 142 146 147 152 155 156 162 164 170 172 182 188 191 197 200 202 203 206 207 213 215 221 226 236 238 240 243 244 257 261 263 273 295 304 305 307 308 309 312 316 318 320 331 334 344 346 356 357 371 380 382 386 389 390 396 400 407 414 417 418 421 435 442 449 450 452 466 473 476 478 479 484 505 513 514 522 524 527 528 530 535 538 546 549 552 559 572 573 576 577 586 593 597 602 604 610 613 619 620 621 625 628 640 650 657 659 675 677 685 689 703 709 712 714 717 719 724 728 730 731 733 740 768 774 775 781 784 790 798 801 810 811 818 828 830 834 847 849
122
122
573
694
5 16 29 34 36 40 46 58 62 69 70 74 75 76 77 83 85 91 96 97 100 103 108 111 114 118 122 129 130 133 134 138 142 146 147 152 155 156 162 164 170 172 182 188 191 197 200 202 203 206 207 213 215 221 226 236 238 240 243 244 257 261 263 273 295 304 305 307 308 309 312 316 318 320 331 334 344 346 356 357 371 380 382 386 389 390 396 400 407 414 417 418 421 435 442 449 450 452 466 473 476 478 479 484 505 513 514 522 524 527 528 530 535 538 546 549 552 559 572 573 576 577 586 593 597 602 604 610 613 619 620 621 625 628 640 650 657 659 675 677 685 689 703 709 712 714 717 719 724 728 730 731 733 740 768 774 775 781 784 790 798 801 810 811 818 828 830 834 847 849
122
5 16 29 34 36 40 46 58 62 69 70 74 75 76 77 83 85 91 96 97 100 103 108 111 114 118 122 129 130 133 134 138 142 146 147 152 155 156 162 164 170 172 182 188 191 197 200 202 203 206 207 213 215 221 226 236 238 240 243 244 257 261 263 273 295 304 305 307 308 309 312 316 318 320 331 334 344 346 356 357 371 380 382 386 389 390 396 400 407 414 417 418 421 435 442 449 450 452 466 473 476 478 479 484 505 513 514 522 524 527 528 530 535 538 546 549 552 559 572 573 576 577 586 593 597 602 604 610 613 619 620 621 625 628 640 650 657 659 675 677 685 689 703 709 712 714 717 719 724 728 730 731 733 740 768 774 775 781 784 790 798 801 810 811 817 818 828 830 832 834 847 849
569
569
122
690
5 16 29 34 36 40 46 58 62 69 70 74 75 76 77 83 85 91 96 97 100 103 108 111 114 118 122 129 130 133 134 138 142 146 147 152 155 156 162 164 170 172 182 188 191 197 200 202 203 206 207 213 215 221 226 236 238 240 243 244 257 261 263 273 295 304 305 307 308 309 312 316 318 320 331 334 344 346 356 357 371 380 382 386 389 390 396 400 407 414 417 418 421 435 442 449 450 452 466 473 476 478 479 484 505 513 514 522 524 527 528 530 535 538 546 549 552 559 572 573 576 577 586 593 597 602 604 610 613 619 620 621 625 628 640 650 657 659 675 677 685 689 703 709 712 714 717 719 724 728 730 731 733 740 768 774 775 781 784 790 798 801 810 811 817 818 828 830 832 834 847 849
567
567
690
689
5 16 29 34 36 40 46 58 62 69 70 74 75 76 77 83 85 91 96 97 100 103 108 111 114 118 122 129 130 133 134 138 142 146 147 152 155 156 162 164 170 172 182 188 191 197 200 202 203 206 207 213 215 221 226 236 238 240 243 244 257 261 263 273 295 304 305 307 308 309 312 316 318 320 331 334 344 346 356 357 371 380 382 386 389 390 396 400 407 414 417 418 421 435 442 449 450 452 466 473 476 478 479 484 505 513 514 522 524 527 528 530 535 536 538 546 549 552 559 572 573 576 577 586 593 597 602 604 610 613 619 620 621 625 628 640 650 657 659 675 677 685 689 703 709 712 714 717 719 724 728 730 731 733 740 768 774 775 781 784 790 798 801 810 811 817 818 828 830 832 834 847 849
689
566
688
5 16 29 34 36 40 46 58 62 69 70 74 75 76 77 83 85 91 96 97 100 103 108 111 114 118 122 129 130 133 134 138 142 146 147 152 155 156 162 164 170 172 182 188 191 197 200 202 203 206 207 213 215 221 226 236 238 240 243 244 257 261 263 273 295 304 305 307 308 309 312 316 318 320 331 334 344 346 356 357 371 380 382 386 389 390 396 400 407 414 417 418 421 435 442 449 450 452 466 473 476 478 479 484 505 513 514 522 524 527 528 530 535 536 538 545 546 549 552 559 572 573 576 577 586 593 597 602 604 610 613 619 620 621 625 628 640 650 657 659 675 677 685 689 703 709 712 714 717 719 724 728 730 731 733 740 768 774 775 781 784 790 798 801 810 811 817 818 828 830 832 834 847 849
5 16 29 34 36 40 46 58 62 69 70 74 75 76 77 83 85 91 96 97 100 103 108 111 114 118 122 129 130 133 134 138 142 146 147 152 155 156 162 164 170 172 182 188 191 197 200 202 203 206 207 213 215 221 226 236 238 240 243 244 257 261 263 273 295 304 305 307 308 309 312 316 318 320 331 334 344 346 356 357 371 380 382 386 389 390 396 400 407 414 417 418 421 435 442 449 450 452 466 473 476 478 479 484 505 513 514 522 524 527 528 530 535 536 538 545 546 549 552 559 572 573 576 577 586 593 597 602 604 610 613 619 620 621 625 628 640 650 657 659 675 677 685 689 703 709 712 714 717 719 724 728 730 731 733 740 768 774 775 781 784 790 798 801 810 811 817 818 828 830 832 834 847 849
124
688
688
688
688
563
125
125
688
125
687
125
562
562
125
687
686
5 16 29 34 36 40 46 58 62 69 70 74 75 76 77 83 85 91 96 97 100 103 108 111 114 118 122 129 130 133 134 138 142 146 147 152 155 156 162 164 170 172 182 188 191 197 200 202 203 206 207 213 215 221 226 236 238 240 243 244 257 261 263 273 295 304 305 307 308 309 312 316 318 320 331 334 344 346 356 357 371 375 380 382 386 389 390 396 400 407 414 417 418 421 435 442 449 450 452 466 473 476 478 479 484 505 513 514 522 524 527 528 530 535 536 538 545 546 549 552 559 572 573 576 577 586 593 597 602 604 610 613 619 620 621 625 628 640 650 657 659 675 677 685 689 703 709 712 714 717 719 724 728 730 731 733 740 768 774 775 781 784 790 798 801 810 811 817 818 828 830 832 834 847 849
125
5 16 29 34 36 40 46 58 62 69 70 74 75 76 77 83 85 91 96 97 100 103 107 108 111 114 118 122 129 130 133 134 138 142 146 147 152 155 156 162 164 170 172 182 188 191 197 200 202 203 206 207 213 215 221 226 236 238 240 243 244 257 261 263 273 295 304 305 307 308 309 312 316 318 320 331 334 344 346 356 357 371 375 380 382 386 389 390 396 400 407 414 417 418 421 435 442 449 450 452 466 473 476 478 479 484 505 513 514 522 524 527 528 530 535 536 538 545 546 549 552 559 572 573 576 577 586 593 597 602 604 610 613 619 620 621 625 628 640 650 657 659 675 677 685 689 703 709 710 712 714 717 719 724 728 730 731 733 740 768 774 775 781 784 790 798 801 810 811 817 818 828 830 832 834 847 849
5 16 29 34 36 40 46 58 62 69 70 74 75 76 77 83 85 91 96 97 100 103 107 108 111 114 118 122 129 130 133 134 138 142 146 147 152 155 156 162 164 170 172 182 188 191 197 200 202 203 206 207 213 215 221 226 236 238 240 243 244 257 261 263 273 295 304 305 307 308 309 312 316 318 320 331 334 344 346 356 357 371 375 380 382 386 389 390 396 400 407 414 417 418 421 435 442 449 450 452 466 473 476 478 479 484 505 513 514 522 524 527 528 530 535 536 538 545 546 549 552 559 572 573 576 577 586 593 597 602 604 610 613 619 620 621 625 628 640 650 657 659 675 677 685 689 703 709 710 712 714 717 719 724 728 730 731 733 740 768 774 775 781 784 790 798 801 810 811 817 818 828 830 832 834 847 849
127
127
684
5 16 29 34 36 40 46 58 62 69 70 74 75 76 77 83 85 91 96 97 100 103 107 108 111 114 118 122 129 130 133 134 138 142 146 147 152 155 156 162 164 170 172 182 188 191 197 200 202 203 206 207 213 215 221 226 236 238 240 243 244 257 261 263 273 295 304 305 307 308 309 312 316 318 320 331 334 344 346 356 357 371 375 380 382 386 389 390 396 400 407 414 417 418 421 435 442 449 450 452 466 473 476 478 479 484 505 513 514 522 524 527 528 530 535 536 538 545 546 549 552 559 572 573 576 577 586 593 597 602 604 610 613 619 620 621 625 628 640 650 657 659 675 677 685 689 703 709 710 712 714 717 719 724 728 730 731 733 740 768 774 775 781 784 790 798 801 810 811 817 818 828 830 832 834 839 847 849
684
127
557
127
684
556
5 16 29 34 36 40 46 58 62 69 70 74 75 76 77 83 85 91 92 96 97 100 103 107 108 111 114 118 122 129 130 133 134 138 142 146 147 152 155 156 162 164 170 172 182 188 191 197 200 202 203 206 207 213 215 221 226 236 238 240 243 244 257 261 263 273 295 304 305 307 308 309 312 316 318 320 331 334 344 346 356 357 371 375 380 382 386 389 390 396 400 407 414 417 418 421 435 442 449 450 452 466 473 476 478 479 484 505 513 514 522 524 527 528 530 535 536 538 545 546 549 552 559 572 573 576 577 586 593 597 602 604 610 613 619 620 621 625 628 640 650 657 659 675 677 685 689 703 709 710 712 714 717 719 724 728 730 731 733 740 768 774 775 781 784 790 798 801 810 811 817 818 828 830 832 834 839 847 849
556
684
5 16 29 34 36 40 46 58 62 69 70 74 75 76 77 83 85 91 92 96 97 100 103 107 108 111 114 118 122 129 130 133 134 138 142 146 147 152 155 156 162 164 170 172 182 188 191 197 200 202 203 206 207 213 215 221 226 236 238 240 243 244 257 261 263 273 295 304 305 307 308 309 312 316 318 320 331 334 344 346 356 357 371 375 380 382 386 389 390 396 400 407 414 417 418 421 435 442 449 450 452 466 473 476 478 479 484 505 513 514 522 524 527 528 530 535 536 538 545 546 549 552 559 572 573 576 577 586 593 597 602 604 610 613 619 620 621 625 628 640 650 657 659 675 677 685 689 703 709 710 712 714 717 719 724 728 730 731 733 740 768 774 775 781 784 790 798 801 810 811 817 818 828 830 832 834 839 847 849
684
555
684
5 16 29 34 36 40 46 58 62 69 70 72 74 75 76 77 83 85 91 92 96 97 100 103 107 108 111 114 118 122 129 130 133 134 138 142 146 147 152 155 156 159 162 164 170 172 182 188 191 197 200 202 203 206 207 213 215 221 226 233 236 238 240 243 244 257 261 263 273 295 304 305 307 308 309 312 316 318 320 331 334 344 346 356 357 371 375 380 382 386 389 390 396 400 407 414 417 418 421 435 442 449 450 452 466 473 476 478 479 484 505 513 514 522 524 527 528 530 535 536 538 545 546 549 552 559 572 573 576 577 586 593 597 602 604 610 613 619 620 621 625 628 640 650 657 659 675 677 685 689 703 709 710 712 714 717 719 724 728 730 731 733 740 768 770 774 775 781 784 790 798 801 810 811 817 818 828 830 832 834 839 847 849
131
553
131
132
132
552
132
684
5 16 29 34 36 40 46 58 62 69 70 72 74 75 76 77 83 85 91 92 96 97 100 103 107 108 111 114 118 122 124 129 130 133 134 138 142 146 147 152 155 156 159 162 164 170 172 182 188 191 197 200 202 203 206 207 213 215 221 226 233 236 238 240 243 244 257 261 263 273 295 304 305 307 308 309 312 316 318 320 331 334 344 346 356 357 371 375 380 382 386 389 390 396 400 407 414 417 418 421 435 442 449 450 452 466 473 476 478 479 484 505 513 514 522 524 527 528 530 535 536 538 545 546 549 552 559 572 573 576 577 586 593 597 602 604 610 613 619 620 621 625 628 640 650 657 659 675 677 685 689 703 709 710 712 714 717 719 724 728 730 731 733 740 768 770 774 775 781 784 790 798 801 810 811 817 818 828 830 832 834 839 847 849
132
5 16 29 34 36 40 46 58 62 69 70 72 74 75 76 77 83 85 91 92 96 97 100 103 107 108 111 114 118 122 124 129 130 133 134 138 142 146 147 152 155 156 159 162 164 170 172 182 188 191 197 200 202 203 206 207 213 215 221 226 233 236 238 240 243 244 257 261 263 273 295 304 305 307 308 309 312 316 318 320 331 334 344 346 356 357 371 375 380 382 386 389 390 396 400 407 414 417 418 421 435 442 449 450 452 466 473 476 478 479 484 505 513 514 522 524 527 528 530 535 536 538 545 546 549 552 559 572 573 576 577 586 593 597 602 604 610 613 619 620 621 625 628 640 650 657 659 675 677 685 689 703 709 710 712 714 717 719 724 728 730 731 733 740 768 770 774 775 781 784 790 798 801 810 811 817 818 828 830 832 834 839 847 849
5 16 29 34 36 40 46 58 62 69 70 72 74 75 76 77 83 85 91 92 96 97 100 103 107 108 111 114 118 122 124 129 130 133 134 138 142 146 147 152 155 156 159 162 164 170 172 182 188 191 197 200 202 203 206 207 213 215 221 226 233 236 238 240 243 244 257 261 263 273 295 304 305 307 308 309 312 316 318 320 331 334 344 346 356 357 371 375 380 382 386 389 390 396 400 407 414 417 418 421 435 442 449 450 452 466 473 476 478 479 484 505 513 514 522 524 527 528 530 535 536 538 545 546 549 552 559 572 573 576 577 586 593 597 602 604 610 613 619 620 621 625 628 640 650 657 659 675 677 685 689 703 709 710 712 714 717 719 724 728 730 731 733 740 768 770 774 775 781 784 790 798 801 810 811 817 818 828 830 832 834 839 847 849
132
136
547
5 16 29 32 34 36 40 46 58 62 69 70 72 74 75 76 77 83 85 91 92 96 97 100 103 107 108 111 114 118 122 124 129 130 133 134 138 142 146 147 152 155 156 159 162 164 170 172 182 188 191 197 200 202 203 206 207 213 215 221 226 233 236 238 240 243 244 257 261 263 273 295 304 305 307 308 309 312 316 318 320 331 334 344 346 356 357 371 375 380 382 386 387 389 390 396 400 407 414 417 418 421 435 442 449 450 452 456 466 473 476 478 479 483 484 505 513 514 522 524 527 528 530 535 536 538 545 546 549 552 559 572 573 576 577 586 593 597 600 602 604 610 613 619 620 621 625 628 640 650 657 659 675 677 685 689 693 703 709 710 712 714 717 719 724 728 730 731 733 740 753 768 770 774 775 781 784 790 798 801 808 810 811 817 818 828 830 832 834 839 847 849
136
136
5 16 29 32 34 36 40 46 58 62 69 70 72 74 75 76 77 83 85 91 92 96 97 100 103 107 108 111 114 118 122 124 129 130 133 134 138 142 146 147 152 155 156 159 162 164 170 172 182 188 191 197 200 202 203 206 207 213 215 221 226 233 236 238 240 243 244 257 261 263 273 295 304 305 307 308 309 312 316 318 320 325 331 334 344 346 356 357 371 375 380 382 386 387 389 390 396 400 407 414 417 418 421 435 442 449 450 452 456 466 473 476 478 479 483 484 505 513 514 522 524 527 528 530 535 536 538 545 546 549 552 559 572 573 576 577 586 593 597 600 602 604 610 613 619 620 621 625 628 640 650 657 659 675 677 685 689 693 703 709 710 712 714 717 719 724 728 730 731 733 740 753 768 770 774 775 781 784 790 798 801 808 810 811 817 818 828 830 832 834 839 847 849
680
137
5 16 29 32 34 36 40 46 58 62 69 70 72 74 75 76 77 83 85 91 92 96 97 100 103 107 108 111 114 118 122 124 129 130 133 134 138 142 146 147 152 155 156 159 162 164 170 172 182 188 191 197 200 202 203 206 207 213 215 221 226 233 236 238 240 243 244 257 261 263 273 295 304 305 307 308 309 312 316 318 320 325 331 334 344 346 356 357 371 375 380 382 386 387 389 390 396 400 407 414 417 418 421 435 442 449 450 452 456 466 473 476 478 479 483 484 505 513 514 522 524 527 528 530 535 536 538 545 546 549 552 559 572 573 576 577 586 593 597 600 602 604 610 613 619 620 621 625 628 640 650 657 659 675 677 685 689 693 703 709 710 712 714 717 718 719 724 728 730 731 733 740 753 768 770 774 775 781 784 790 798 801 808 810 811 817 818 828 830 832 834 839 847 849
5 16 29 32 34 36 40 46 58 62 69 70 72 74 75 76 77 83 85 91 92 96 97 100 103 107 108 111 114 118 122 124 129 130 133 134 138 142 146 147 152 155 156 159 162 164 170 172 182 188 191 197 200 202 203 206 207 213 215 221 226 233 236 238 240 243 244 257 261 263 273 295 304 305 307 308 309 312 316 318 320 325 331 334 344 346 356 357 371 375 380 382 386 387 389 390 396 400 407 414 417 418 421 435 442 449 450 452 456 466 473 476 478 479 483 484 505 513 514 522 524 527 528 530 535 536 538 545 546 549 552 559 572 573 576 577 586 593 597 600 602 604 610 613 619 620 621 625 628 640 650 657 659 675 677 685 689 693 703 709 710 712 714 717 718 719 724 728 730 731 733 740 753 768 770 774 775 781 784 790 798 801 808 810 811 817 818 828 830 832 834 839 847 849
680
542
5 16 29 32 34 36 40 46 58 62 69 70 72 74 75 76 77 83 85 91 92 96 97 100 103 107 108 111 114 118 122 124 129 130 133 134 138 142 146 147 152 155 156 159 162 164 170 172 182 188 191 197 200 202 203 206 207 213 215 221 226 233 236 238 240 243 244 257 261 263 273 295 304 305 307 308 309 312 316 318 320 325 331 334 344 346 356 357 371 375 378 380 382 386 387 389 390 396 400 407 414 417 418 421 435 442 449 450 452 456 466 473 476 478 479 483 484 505 513 514 522 524 527 528 530 535 536 538 545 546 549 552 559 572 573 576 577 586 593 597 600 602 604 610 613 619 620 621 625 628 640 650 657 659 675 677 685 689 693 703 709 710 712 714 717 718 719 724 728 730 731 733 740 753 768 770 774 775 781 784 790 798 801 808 810 811 817 818 828 830 832 834 839 847 849
5 16 29 32 34 36 40 46 58 62 69 70 72 74 75 76 77 83 85 91 92 96 97 100 103 107 108 111 114 118 122 124 129 130 133 134 138 142 146 147 152 155 156 159 162 164 170 172 182 188 191 197 200 202 203 206 207 213 215 221 226 233 236 238 240 243 244 257 261 263 273 295 304 305 307 308 309 312 316 318 320 325 331 334 344 346 356 357 371 375 378 380 382 386 387 389 390 396 400 407 414 417 418 421 435 442 449 450 452 456 466 473 476 478 479 483 484 505 513 514 522 524 527 528 530 535 536 538 545 546 549 552 559 572 573 576 577 586 593 597 600 602 604 610 613 619 620 621 625 628 640 650 657 659 675 677 685 689 693 703 709 710 712 714 717 718 719 724 728 730 731 733 740 753 768 770 774 775 781 784 790 798 801 808 810 811 817 818 828 830 832 834 839 847 849
542
542
541
541
540
5 16 29 32 34 36 40 46 58 62 69 70 72 74 75 76 77 83 85 91 92 96 97 100 103 107 108 111 114 118 122 124 129 130 133 134 138 142 146 147 152 155 156 159 162 164 170 172 182 188 191 197 200 202 203 206 207 213 215 221 226 233 236 238 240 243 244 257 261 263 273 295 304 305 307 308 309 312 316 318 320 325 331 334 344 346 356 357 371 375 378 380 382 386 387 389 390 396 400 407 414 417 418 421 427 435 442 449 450 452 456 466 473 476 478 479 483 484 505 513 514 515 522 524 527 528 530 535 536 538 545 546 549 552 554 559 572 573 576 577 586 593 597 600 602 604 610 613 619 620 621 625 628 640 650 657 659 675 677 685 689 693 703 709 710 712 714 717 718 719 724 728 730 731 733 740 753 768 770 774 775 781 784 790 798 801 808 810 811 817 818 826 828 830 832 834 839 847 849
677
140
5 16 29 32 34 36 40 46 58 62 69 70 72 74 75 76 77 83 85 91 92 96 97 100 103 107 108 111 114 118 122 124 129 130 133 134 138 142 146 147 152 155 156 159 162 164 170 172 182 188 191 192 197 200 202 203 206 207 213 215 221 226 233 236 238 240 243 244 257 261 263 273 295 304 305 307 308 309 312 316 318 320 324 325 331 334 344 346 356 357 371 375 378 380 382 386 387 389 390 396 400 407 414 417 418 421 427 435 442 449 450 452 456 466 473 476 478 479 483 484 505 513 514 515 522 524 527 528 530 535 536 538 545 546 549 552 554 559 572 573 576 577 586 593 597 600 602 604 610 613 619 620 621 625 628 640 650 657 658 659 675 677 685 689 693 703 709 710 712 714 717 718 719 724 728 730 731 733 740 753 768 770 774 775 781 784 790 798 801 808 810 811 817 818 821 826 828 830 832 834 839 847 849
536
5 16 29 32 34 36 40 46 58 62 69 70 72 74 75 76 77 83 85 91 92 96 97 100 103 107 108 111 114 118 122 124 129 130 133 134 138 142 146 147 152 155 156 159 162 164 170 172 182 188 191 192 197 200 202 203 206 207 213 215 221 226 233 236 238 240 243 244 257 261 263 273 295 304 305 307 308 309 312 316 318 320 324 325 331 334 344 346 356 357 371 375 378 380 382 386 387 389 390 396 400 407 414 417 418 421 427 435 442 449 450 452 456 466 473 476 478 479 483 484 505 513 514 515 522 524 527 528 530 535 536 538 545 546 549 552 554 559 572 573 576 577 586 593 597 600 602 604 610 613 619 620 621 625 628 640 650 657 658 659 675 677 685 689 693 703 709 710 712 714 717 718 719 724 728 730 731 733 740 753 768 770 774 775 781 784 790 798 801 808 810 811 817 818 821 826 828 830 832 834 839 847 849
534
5 16 29 32 34 36 40 46 49 58 62 69 70 72 74 75 76 77 83 85 91 92 96 97 100 103 107 108 111 114 118 122 124 129 130 133 134 138 142 146 147 152 155 156 159 162 164 170 172 182 188 191 192 197 200 202 203 206 207 213 215 221 226 233 236 238 240 243 244 257 261 263 273 295 304 305 307 308 309 312 314 316 318 320 324 325 331 334 335 344 346 356 357 371 375 378 380 382 386 387 389 390 396 400 402 407 414 417 418 421 427 435 442 449 450 452 456 466 473 476 478 479 483 484 505 513 514 515 522 524 527 528 530 535 536 538 545 546 549 552 554 559 572 573 576 577 586 593 597 600 602 604 610 613 619 620 621 625 628 640 650 657 658 659 675 677 685 689 693 703 709 710 712 714 717 718 719 724 728 730 731 733 740 753 768 770 774 775 781 784 790 798 801 808 810 811 817 818 821 826 828 830 832 834 839 847 849
5 16 29 32 34 36 40 46 49 58 62 69 70 72 74 75 76 77 83 85 91 92 96 97 100 103 107 108 111 114 118 122 124 129 130 133 134 138 142 146 147 152 155 156 159 162 164 170 172 182 188 191 192 197 200 202 203 206 207 213 215 221 226 233 236 238 240 243 244 257 261 263 273 295 304 305 307 308 309 312 314 316 318 320 324 325 331 334 335 344 346 356 357 371 375 378 380 382 386 387 389 390 396 400 402 407 414 417 418 421 427 435 442 449 450 452 456 466 473 476 478 479 483 484 505 513 514 515 522 524 527 528 530 535 536 538 545 546 549 552 554 559 572 573 576 577 586 593 597 600 602 604 610 613 619 620 621 625 628 640 650 657 658 659 675 677 685 689 693 703 709 710 712 714 717 718 719 724 728 730 731 733 740 753 768 770 774 775 781 784 790 798 801 808 810 811 817 818 821 826 828 830 832 834 839 847 849
5 16 29 32 34 36 40 46 49 58 62 69 70 72 74 75 76 77 83 85 91 92 96 97 100 103 107 108 111 114 118 122 124 129 130 133 134 138 142 146 147 152 155 156 159 162 164 170 172 182 188 191 192 197 200 202 203 206 207 213 215 221 226 233 236 238 240 243 244 257 261 263 273 295 304 305 307 308 309 312 314 316 318 320 324 325 331 334 335 344 346 356 357 371 375 378 380 382 386 387 389 390 396 400 402 407 414 417 418 421 427 435 442 449 450 452 456 466 473 476 478 479 483 484 505 513 514 515 522 524 527 528 530 535 536 538 545 546 549 552 554 559 572 573 576 577 586 593 597 600 602 604 610 613 619 620 621 622 625 628 640 650 657 658 659 675 677 685 689 693 703 709 710 712 714 717 718 719 724 728 730 731 733 740 753 768 770 774 775 781 784 790 798 801 808 810 811 817 818 821 826 828 830 832 834 839 845 847 849
674
5 16 29 32 34 36 40 46 49 58 62 69 70 72 74 75 76 77 83 85 91 92 96 97 100 103 107 108 111 114 118 122 124 129 130 133 134 138 142 146 147 152 155 156 159 162 164 170 172 182 188 191 192 197 200 202 203 206 207 213 215 221 226 233 236 238 240 243 244 257 261 263 273 295 304 305 307 308 309 312 314 316 318 320 324 325 331 334 335 344 346 356 357 371 375 378 380 382 386 387 389 390 396 400 402 407 414 417 418 421 427 435 442 449 450 452 456 466 473 476 478 479 483 484 505 513 514 515 522 524 527 528 530 535 536 538 545 546 549 552 554 559 572 573 576 577 586 587 593 597 600 602 604 610 613 615 619 620 621 622 625 628 640 643 650 657 658 659 675 677 682 685 689 693 703 709 710 712 714 717 718 719 724 728 730 731 733 740 753 768 770 774 775 781 784 790 798 801 808 810 811 817 818 821 826 828 830 832 834 839 845 847 849
673
528
673
527
527
673
5 16 29 32 34 36 40 46 49 58 62 69 70 72 74 75 76 77 83 85 91 92 96 97 100 103 107 108 111 114 118 122 124 129 130 133 134 138 142 146 147 152 155 156 159 162 164 170 172 173 182 188 191 192 197 200 202 203 206 207 213 215 221 226 233 236 238 240 243 244 257 261 263 273 295 304 305 307 308 309 312 314 316 318 320 324 325 331 334 335 344 346 356 357 371 375 378 380 382 386 387 389 390 396 400 402 407 414 417 418 421 427 435 442 444 449 450 452 456 466 473 476 478 479 483 484 505 513 514 515 522 524 527 528 530 535 536 538 545 546 549 552 554 559 572 573 576 577 586 587 593 597 600 602 604 610 613 615 619 620 621 622 625 628 640 643 650 657 658 659 675 677 682 685 689 693 703 709 710 712 714 717 718 719 724 728 730 731 733 740 753 768 770 774 775 781 784 790 798 801 808 810 811 817 818 821 826 828 830 832 834 838 839 845 847 849
5 16 29 32 34 36 40 46 49 58 62 69 70 72 74 75 76 77 83 85 91 92 96 97 100 103 107 108 111 114 118 122 124 129 130 133 134 138 142 146 147 152 155 156 159 162 164 170 172 173 182 188 191 192 197 200 202 203 206 207 213 215 221 226 233 236 238 240 243 244 257 261 263 273 295 304 305 307 308 309 312 314 316 318 320 324 325 331 334 335 344 346 356 357 371 375 378 380 382 386 387 389 390 396 400 402 407 414 417 418 421 427 435 442 444 449 450 452 456 466 473 476 478 479 483 484 505 513 514 515 522 524 527 528 530 535 536 538 545 546 549 552 554 559 572 573 576 577 586 587 593 597 600 602 604 610 613 615 619 620 621 622 625 628 640 643 650 657 658 659 675 677 682 685 689 693 703 709 710 712 714 717 718 719 724 728 730 731 733 740 753 768 770 774 775 781 784 790 798 801 808 810 811 817 818 821 826 828 830 832 834 838 839 845 847 849
146
148
5 16 29 32 34 36 40 46 49 58 62 69 70 72 74 75 76 77 83 85 91 92 96 97 100 103 107 108 111 114 118 122 124 129 130 133 134 138 142 146 147 152 155 156 159 162 164 170 172 173 182 188 191 192 197 200 202 203 206 207 213 215 221 226 233 236 238 240 243 244 257 261 263 273 295 304 305 307 308 309 312 314 316 318 320 324 325 331 334 335 344 346 356 357 371 375 378 380 382 386 387 389 390 396 400 402 407 414 417 418 421 427 435 442 444 449 450 452 456 466 473 476 478 479 483 484 505 513 514 515 522 524 527 528 530 535 536 538 545 546 549 552 554 559 572 573 576 577 586 587 593 597 600 602 604 610 613 615 619 620 621 622 625 628 640 643 650 657 658 659 675 677 682 685 689 693 703 709 710 712 714 717 718 719 724 728 730 731 733 740 753 768 770 774 775 781 784 785 790 798 801 808 809 810 811 817 818 821 826 828 830 832 834 838 839 845 847 849
148
